\BOOKMARK [0][-]{chapter.1}{\376\377\0001\000\040\000G\000a\000m\000b\000l\000e\000S\000t\000y\000l\000e}{}% 1
\BOOKMARK [1][-]{section.1.1}{\376\377\0001\000.\0001\000\040\000S\000t\000r\000u\000c\000t\000u\000r\000e\000\040\000d\000u\000\040\000p\000r\000o\000j\000e\000t}{chapter.1}% 2
\BOOKMARK [1][-]{section.1.2}{\376\377\0001\000.\0002\000\040\000C\000o\000m\000p\000i\000l\000a\000t\000i\000o\000n}{chapter.1}% 3
\BOOKMARK [1][-]{section.1.3}{\376\377\0001\000.\0003\000\040\000C\000l\000a\000s\000s\000e\000s\000\040\000p\000r\000i\000n\000c\000i\000p\000a\000l\000e\000s}{chapter.1}% 4
\BOOKMARK [1][-]{section.1.4}{\376\377\0001\000.\0004\000\040\000T\000e\000s\000t\000s}{chapter.1}% 5
\BOOKMARK [1][-]{section.1.5}{\376\377\0001\000.\0005\000\040\000D\000o\000c\000u\000m\000e\000n\000t\000a\000t\000i\000o\000n}{chapter.1}% 6
\BOOKMARK [0][-]{chapter.2}{\376\377\0002\000\040\000I\000n\000d\000e\000x\000\040\000h\000i\000\351\000r\000a\000r\000c\000h\000i\000q\000u\000e}{}% 7
\BOOKMARK [1][-]{section.2.1}{\376\377\0002\000.\0001\000\040\000H\000i\000\351\000r\000a\000r\000c\000h\000i\000e\000\040\000d\000e\000s\000\040\000c\000l\000a\000s\000s\000e\000s}{chapter.2}% 8
\BOOKMARK [0][-]{chapter.3}{\376\377\0003\000\040\000I\000n\000d\000e\000x\000\040\000d\000e\000s\000\040\000c\000l\000a\000s\000s\000e\000s}{}% 9
\BOOKMARK [1][-]{section.3.1}{\376\377\0003\000.\0001\000\040\000L\000i\000s\000t\000e\000\040\000d\000e\000s\000\040\000c\000l\000a\000s\000s\000e\000s}{chapter.3}% 10
\BOOKMARK [0][-]{chapter.4}{\376\377\0004\000\040\000I\000n\000d\000e\000x\000\040\000d\000e\000s\000\040\000f\000i\000c\000h\000i\000e\000r\000s}{}% 11
\BOOKMARK [1][-]{section.4.1}{\376\377\0004\000.\0001\000\040\000L\000i\000s\000t\000e\000\040\000d\000e\000s\000\040\000f\000i\000c\000h\000i\000e\000r\000s}{chapter.4}% 12
\BOOKMARK [0][-]{chapter.5}{\376\377\0005\000\040\000D\000o\000c\000u\000m\000e\000n\000t\000a\000t\000i\000o\000n\000\040\000d\000e\000s\000\040\000c\000l\000a\000s\000s\000e\000s}{}% 13
\BOOKMARK [1][-]{section.5.1}{\376\377\0005\000.\0001\000\040\000R\000\351\000f\000\351\000r\000e\000n\000c\000e\000\040\000d\000e\000\040\000l\000a\000\040\000c\000l\000a\000s\000s\000e\000\040\000C\000a\000r\000t\000e}{chapter.5}% 14
\BOOKMARK [2][-]{subsection.5.1.1}{\376\377\0005\000.\0001\000.\0001\000\040\000D\000e\000s\000c\000r\000i\000p\000t\000i\000o\000n\000\040\000d\000\351\000t\000a\000i\000l\000l\000\351\000e}{section.5.1}% 15
\BOOKMARK [2][-]{subsection.5.1.2}{\376\377\0005\000.\0001\000.\0002\000\040\000D\000o\000c\000u\000m\000e\000n\000t\000a\000t\000i\000o\000n\000\040\000d\000e\000s\000\040\000c\000o\000n\000s\000t\000r\000u\000c\000t\000e\000u\000r\000s\000\040\000e\000t\000\040\000d\000e\000s\000t\000r\000u\000c\000t\000e\000u\000r}{section.5.1}% 16
\BOOKMARK [3][-]{subsubsection.5.1.2.1}{\376\377\0005\000.\0001\000.\0002\000.\0001\000\040\000C\000a\000r\000t\000e\000\050\000\051}{subsection.5.1.2}% 17
\BOOKMARK [3][-]{subsubsection.5.1.2.2}{\376\377\0005\000.\0001\000.\0002\000.\0002\000\040\000\040\000C\000a\000r\000t\000e\000\050\000\051}{subsection.5.1.2}% 18
\BOOKMARK [2][-]{subsection.5.1.3}{\376\377\0005\000.\0001\000.\0003\000\040\000D\000o\000c\000u\000m\000e\000n\000t\000a\000t\000i\000o\000n\000\040\000d\000e\000s\000\040\000f\000o\000n\000c\000t\000i\000o\000n\000s\000\040\000m\000e\000m\000b\000r\000e\000s}{section.5.1}% 19
\BOOKMARK [3][-]{subsubsection.5.1.3.1}{\376\377\0005\000.\0001\000.\0003\000.\0001\000\040\000a\000c\000t\000i\000o\000n\000\050\000\051}{subsection.5.1.3}% 20
\BOOKMARK [3][-]{subsubsection.5.1.3.2}{\376\377\0005\000.\0001\000.\0003\000.\0002\000\040\000g\000e\000t\000I\000d\000\050\000\051}{subsection.5.1.3}% 21
\BOOKMARK [3][-]{subsubsection.5.1.3.3}{\376\377\0005\000.\0001\000.\0003\000.\0003\000\040\000g\000e\000t\000N\000o\000m\000\050\000\051}{subsection.5.1.3}% 22
\BOOKMARK [3][-]{subsubsection.5.1.3.4}{\376\377\0005\000.\0001\000.\0003\000.\0004\000\040\000g\000e\000t\000T\000e\000x\000t\000e\000\050\000\051}{subsection.5.1.3}% 23
\BOOKMARK [2][-]{subsection.5.1.4}{\376\377\0005\000.\0001\000.\0004\000\040\000D\000o\000c\000u\000m\000e\000n\000t\000a\000t\000i\000o\000n\000\040\000d\000e\000s\000\040\000d\000o\000n\000n\000\351\000e\000s\000\040\000m\000e\000m\000b\000r\000e\000s}{section.5.1}% 24
\BOOKMARK [3][-]{subsubsection.5.1.4.1}{\376\377\0005\000.\0001\000.\0004\000.\0001\000\040\000n\000o\000m}{subsection.5.1.4}% 25
\BOOKMARK [3][-]{subsubsection.5.1.4.2}{\376\377\0005\000.\0001\000.\0004\000.\0002\000\040\000t\000e\000x\000t\000e}{subsection.5.1.4}% 26
\BOOKMARK [1][-]{section.5.2}{\376\377\0005\000.\0002\000\040\000R\000\351\000f\000\351\000r\000e\000n\000c\000e\000\040\000d\000e\000\040\000l\000a\000\040\000c\000l\000a\000s\000s\000e\000\040\000C\000a\000r\000t\000e\000A\000m\000e\000n\000d\000e}{chapter.5}% 27
\BOOKMARK [2][-]{subsection.5.2.1}{\376\377\0005\000.\0002\000.\0001\000\040\000D\000e\000s\000c\000r\000i\000p\000t\000i\000o\000n\000\040\000d\000\351\000t\000a\000i\000l\000l\000\351\000e}{section.5.2}% 28
\BOOKMARK [2][-]{subsection.5.2.2}{\376\377\0005\000.\0002\000.\0002\000\040\000D\000o\000c\000u\000m\000e\000n\000t\000a\000t\000i\000o\000n\000\040\000d\000e\000s\000\040\000c\000o\000n\000s\000t\000r\000u\000c\000t\000e\000u\000r\000s\000\040\000e\000t\000\040\000d\000e\000s\000t\000r\000u\000c\000t\000e\000u\000r}{section.5.2}% 29
\BOOKMARK [3][-]{subsubsection.5.2.2.1}{\376\377\0005\000.\0002\000.\0002\000.\0001\000\040\000C\000a\000r\000t\000e\000A\000m\000e\000n\000d\000e\000\050\000\051}{subsection.5.2.2}% 30
\BOOKMARK [2][-]{subsection.5.2.3}{\376\377\0005\000.\0002\000.\0003\000\040\000D\000o\000c\000u\000m\000e\000n\000t\000a\000t\000i\000o\000n\000\040\000d\000e\000s\000\040\000f\000o\000n\000c\000t\000i\000o\000n\000s\000\040\000m\000e\000m\000b\000r\000e\000s}{section.5.2}% 31
\BOOKMARK [3][-]{subsubsection.5.2.3.1}{\376\377\0005\000.\0002\000.\0003\000.\0001\000\040\000a\000c\000t\000i\000o\000n\000\050\000\051}{subsection.5.2.3}% 32
\BOOKMARK [1][-]{section.5.3}{\376\377\0005\000.\0003\000\040\000R\000\351\000f\000\351\000r\000e\000n\000c\000e\000\040\000d\000e\000\040\000l\000a\000\040\000c\000l\000a\000s\000s\000e\000\040\000C\000a\000r\000t\000e\000A\000n\000n\000i\000v\000e\000r\000s\000a\000i\000r\000e}{chapter.5}% 33
\BOOKMARK [2][-]{subsection.5.3.1}{\376\377\0005\000.\0003\000.\0001\000\040\000D\000e\000s\000c\000r\000i\000p\000t\000i\000o\000n\000\040\000d\000\351\000t\000a\000i\000l\000l\000\351\000e}{section.5.3}% 34
\BOOKMARK [2][-]{subsection.5.3.2}{\376\377\0005\000.\0003\000.\0002\000\040\000D\000o\000c\000u\000m\000e\000n\000t\000a\000t\000i\000o\000n\000\040\000d\000e\000s\000\040\000c\000o\000n\000s\000t\000r\000u\000c\000t\000e\000u\000r\000s\000\040\000e\000t\000\040\000d\000e\000s\000t\000r\000u\000c\000t\000e\000u\000r}{section.5.3}% 35
\BOOKMARK [3][-]{subsubsection.5.3.2.1}{\376\377\0005\000.\0003\000.\0002\000.\0001\000\040\000C\000a\000r\000t\000e\000A\000n\000n\000i\000v\000e\000r\000s\000a\000i\000r\000e\000\050\000\051}{subsection.5.3.2}% 36
\BOOKMARK [2][-]{subsection.5.3.3}{\376\377\0005\000.\0003\000.\0003\000\040\000D\000o\000c\000u\000m\000e\000n\000t\000a\000t\000i\000o\000n\000\040\000d\000e\000s\000\040\000f\000o\000n\000c\000t\000i\000o\000n\000s\000\040\000m\000e\000m\000b\000r\000e\000s}{section.5.3}% 37
\BOOKMARK [3][-]{subsubsection.5.3.3.1}{\376\377\0005\000.\0003\000.\0003\000.\0001\000\040\000a\000c\000t\000i\000o\000n\000\050\000\051}{subsection.5.3.3}% 38
\BOOKMARK [1][-]{section.5.4}{\376\377\0005\000.\0004\000\040\000R\000\351\000f\000\351\000r\000e\000n\000c\000e\000\040\000d\000e\000\040\000l\000a\000\040\000c\000l\000a\000s\000s\000e\000\040\000C\000a\000r\000t\000e\000D\000e\000p\000l\000a\000c\000e\000m\000e\000n\000t}{chapter.5}% 39
\BOOKMARK [2][-]{subsection.5.4.1}{\376\377\0005\000.\0004\000.\0001\000\040\000D\000e\000s\000c\000r\000i\000p\000t\000i\000o\000n\000\040\000d\000\351\000t\000a\000i\000l\000l\000\351\000e}{section.5.4}% 40
\BOOKMARK [2][-]{subsection.5.4.2}{\376\377\0005\000.\0004\000.\0002\000\040\000D\000o\000c\000u\000m\000e\000n\000t\000a\000t\000i\000o\000n\000\040\000d\000e\000s\000\040\000c\000o\000n\000s\000t\000r\000u\000c\000t\000e\000u\000r\000s\000\040\000e\000t\000\040\000d\000e\000s\000t\000r\000u\000c\000t\000e\000u\000r}{section.5.4}% 41
\BOOKMARK [3][-]{subsubsection.5.4.2.1}{\376\377\0005\000.\0004\000.\0002\000.\0001\000\040\000C\000a\000r\000t\000e\000D\000e\000p\000l\000a\000c\000e\000m\000e\000n\000t\000\050\000\051}{subsection.5.4.2}% 42
\BOOKMARK [2][-]{subsection.5.4.3}{\376\377\0005\000.\0004\000.\0003\000\040\000D\000o\000c\000u\000m\000e\000n\000t\000a\000t\000i\000o\000n\000\040\000d\000e\000s\000\040\000f\000o\000n\000c\000t\000i\000o\000n\000s\000\040\000m\000e\000m\000b\000r\000e\000s}{section.5.4}% 43
\BOOKMARK [3][-]{subsubsection.5.4.3.1}{\376\377\0005\000.\0004\000.\0003\000.\0001\000\040\000a\000c\000t\000i\000o\000n\000\050\000\051}{subsection.5.4.3}% 44
\BOOKMARK [1][-]{section.5.5}{\376\377\0005\000.\0005\000\040\000R\000\351\000f\000\351\000r\000e\000n\000c\000e\000\040\000d\000e\000\040\000l\000a\000\040\000c\000l\000a\000s\000s\000e\000\040\000C\000a\000r\000t\000e\000D\000o\000u\000b\000l\000e\000G\000a\000i\000n}{chapter.5}% 45
\BOOKMARK [2][-]{subsection.5.5.1}{\376\377\0005\000.\0005\000.\0001\000\040\000D\000e\000s\000c\000r\000i\000p\000t\000i\000o\000n\000\040\000d\000\351\000t\000a\000i\000l\000l\000\351\000e}{section.5.5}% 46
\BOOKMARK [2][-]{subsection.5.5.2}{\376\377\0005\000.\0005\000.\0002\000\040\000D\000o\000c\000u\000m\000e\000n\000t\000a\000t\000i\000o\000n\000\040\000d\000e\000s\000\040\000c\000o\000n\000s\000t\000r\000u\000c\000t\000e\000u\000r\000s\000\040\000e\000t\000\040\000d\000e\000s\000t\000r\000u\000c\000t\000e\000u\000r}{section.5.5}% 47
\BOOKMARK [3][-]{subsubsection.5.5.2.1}{\376\377\0005\000.\0005\000.\0002\000.\0001\000\040\000C\000a\000r\000t\000e\000D\000o\000u\000b\000l\000e\000G\000a\000i\000n\000\050\000\051}{subsection.5.5.2}% 48
\BOOKMARK [2][-]{subsection.5.5.3}{\376\377\0005\000.\0005\000.\0003\000\040\000D\000o\000c\000u\000m\000e\000n\000t\000a\000t\000i\000o\000n\000\040\000d\000e\000s\000\040\000f\000o\000n\000c\000t\000i\000o\000n\000s\000\040\000m\000e\000m\000b\000r\000e\000s}{section.5.5}% 49
\BOOKMARK [3][-]{subsubsection.5.5.3.1}{\376\377\0005\000.\0005\000.\0003\000.\0001\000\040\000a\000c\000t\000i\000o\000n\000\050\000\051}{subsection.5.5.3}% 50
\BOOKMARK [1][-]{section.5.6}{\376\377\0005\000.\0006\000\040\000R\000\351\000f\000\351\000r\000e\000n\000c\000e\000\040\000d\000e\000\040\000l\000a\000\040\000c\000l\000a\000s\000s\000e\000\040\000C\000a\000r\000t\000e\000G\000a\000i\000n}{chapter.5}% 51
\BOOKMARK [2][-]{subsection.5.6.1}{\376\377\0005\000.\0006\000.\0001\000\040\000D\000e\000s\000c\000r\000i\000p\000t\000i\000o\000n\000\040\000d\000\351\000t\000a\000i\000l\000l\000\351\000e}{section.5.6}% 52
\BOOKMARK [2][-]{subsection.5.6.2}{\376\377\0005\000.\0006\000.\0002\000\040\000D\000o\000c\000u\000m\000e\000n\000t\000a\000t\000i\000o\000n\000\040\000d\000e\000s\000\040\000c\000o\000n\000s\000t\000r\000u\000c\000t\000e\000u\000r\000s\000\040\000e\000t\000\040\000d\000e\000s\000t\000r\000u\000c\000t\000e\000u\000r}{section.5.6}% 53
\BOOKMARK [3][-]{subsubsection.5.6.2.1}{\376\377\0005\000.\0006\000.\0002\000.\0001\000\040\000C\000a\000r\000t\000e\000G\000a\000i\000n\000\050\000\051}{subsection.5.6.2}% 54
\BOOKMARK [2][-]{subsection.5.6.3}{\376\377\0005\000.\0006\000.\0003\000\040\000D\000o\000c\000u\000m\000e\000n\000t\000a\000t\000i\000o\000n\000\040\000d\000e\000s\000\040\000f\000o\000n\000c\000t\000i\000o\000n\000s\000\040\000m\000e\000m\000b\000r\000e\000s}{section.5.6}% 55
\BOOKMARK [3][-]{subsubsection.5.6.3.1}{\376\377\0005\000.\0006\000.\0003\000.\0001\000\040\000a\000c\000t\000i\000o\000n\000\050\000\051}{subsection.5.6.3}% 56
\BOOKMARK [1][-]{section.5.7}{\376\377\0005\000.\0007\000\040\000R\000\351\000f\000\351\000r\000e\000n\000c\000e\000\040\000d\000e\000\040\000l\000a\000\040\000c\000l\000a\000s\000s\000e\000\040\000C\000a\000r\000t\000e\000I\000m\000p\000o\000t\000M\000i\000n\000i\000j\000e\000u\000x}{chapter.5}% 57
\BOOKMARK [2][-]{subsection.5.7.1}{\376\377\0005\000.\0007\000.\0001\000\040\000D\000e\000s\000c\000r\000i\000p\000t\000i\000o\000n\000\040\000d\000\351\000t\000a\000i\000l\000l\000\351\000e}{section.5.7}% 58
\BOOKMARK [2][-]{subsection.5.7.2}{\376\377\0005\000.\0007\000.\0002\000\040\000D\000o\000c\000u\000m\000e\000n\000t\000a\000t\000i\000o\000n\000\040\000d\000e\000s\000\040\000c\000o\000n\000s\000t\000r\000u\000c\000t\000e\000u\000r\000s\000\040\000e\000t\000\040\000d\000e\000s\000t\000r\000u\000c\000t\000e\000u\000r}{section.5.7}% 59
\BOOKMARK [3][-]{subsubsection.5.7.2.1}{\376\377\0005\000.\0007\000.\0002\000.\0001\000\040\000C\000a\000r\000t\000e\000I\000m\000p\000o\000t\000M\000i\000n\000i\000j\000e\000u\000x\000\050\000\051}{subsection.5.7.2}% 60
\BOOKMARK [2][-]{subsection.5.7.3}{\376\377\0005\000.\0007\000.\0003\000\040\000D\000o\000c\000u\000m\000e\000n\000t\000a\000t\000i\000o\000n\000\040\000d\000e\000s\000\040\000f\000o\000n\000c\000t\000i\000o\000n\000s\000\040\000m\000e\000m\000b\000r\000e\000s}{section.5.7}% 61
\BOOKMARK [3][-]{subsubsection.5.7.3.1}{\376\377\0005\000.\0007\000.\0003\000.\0001\000\040\000a\000c\000t\000i\000o\000n\000\050\000\051}{subsection.5.7.3}% 62
\BOOKMARK [1][-]{section.5.8}{\376\377\0005\000.\0008\000\040\000R\000\351\000f\000\351\000r\000e\000n\000c\000e\000\040\000d\000e\000\040\000l\000a\000\040\000c\000l\000a\000s\000s\000e\000\040\000C\000a\000r\000t\000e\000S\000o\000r\000t\000i\000e\000P\000r\000i\000s\000o\000n}{chapter.5}% 63
\BOOKMARK [2][-]{subsection.5.8.1}{\376\377\0005\000.\0008\000.\0001\000\040\000D\000e\000s\000c\000r\000i\000p\000t\000i\000o\000n\000\040\000d\000\351\000t\000a\000i\000l\000l\000\351\000e}{section.5.8}% 64
\BOOKMARK [2][-]{subsection.5.8.2}{\376\377\0005\000.\0008\000.\0002\000\040\000D\000o\000c\000u\000m\000e\000n\000t\000a\000t\000i\000o\000n\000\040\000d\000e\000s\000\040\000c\000o\000n\000s\000t\000r\000u\000c\000t\000e\000u\000r\000s\000\040\000e\000t\000\040\000d\000e\000s\000t\000r\000u\000c\000t\000e\000u\000r}{section.5.8}% 65
\BOOKMARK [3][-]{subsubsection.5.8.2.1}{\376\377\0005\000.\0008\000.\0002\000.\0001\000\040\000C\000a\000r\000t\000e\000S\000o\000r\000t\000i\000e\000P\000r\000i\000s\000o\000n\000\050\000\051}{subsection.5.8.2}% 66
\BOOKMARK [2][-]{subsection.5.8.3}{\376\377\0005\000.\0008\000.\0003\000\040\000D\000o\000c\000u\000m\000e\000n\000t\000a\000t\000i\000o\000n\000\040\000d\000e\000s\000\040\000f\000o\000n\000c\000t\000i\000o\000n\000s\000\040\000m\000e\000m\000b\000r\000e\000s}{section.5.8}% 67
\BOOKMARK [3][-]{subsubsection.5.8.3.1}{\376\377\0005\000.\0008\000.\0003\000.\0001\000\040\000a\000c\000t\000i\000o\000n\000\050\000\051}{subsection.5.8.3}% 68
\BOOKMARK [3][-]{subsubsection.5.8.3.2}{\376\377\0005\000.\0008\000.\0003\000.\0002\000\040\000g\000e\000t\000I\000d\000\050\000\051}{subsection.5.8.3}% 69
\BOOKMARK [2][-]{subsection.5.8.4}{\376\377\0005\000.\0008\000.\0004\000\040\000D\000o\000c\000u\000m\000e\000n\000t\000a\000t\000i\000o\000n\000\040\000d\000e\000s\000\040\000d\000o\000n\000n\000\351\000e\000s\000\040\000m\000e\000m\000b\000r\000e\000s}{section.5.8}% 70
\BOOKMARK [3][-]{subsubsection.5.8.4.1}{\376\377\0005\000.\0008\000.\0004\000.\0001\000\040\000I\000D}{subsection.5.8.4}% 71
\BOOKMARK [1][-]{section.5.9}{\376\377\0005\000.\0009\000\040\000R\000\351\000f\000\351\000r\000e\000n\000c\000e\000\040\000d\000e\000\040\000l\000a\000\040\000c\000l\000a\000s\000s\000e\000\040\000C\000a\000s\000e}{chapter.5}% 72
\BOOKMARK [2][-]{subsection.5.9.1}{\376\377\0005\000.\0009\000.\0001\000\040\000D\000e\000s\000c\000r\000i\000p\000t\000i\000o\000n\000\040\000d\000\351\000t\000a\000i\000l\000l\000\351\000e}{section.5.9}% 73
\BOOKMARK [2][-]{subsection.5.9.2}{\376\377\0005\000.\0009\000.\0002\000\040\000D\000o\000c\000u\000m\000e\000n\000t\000a\000t\000i\000o\000n\000\040\000d\000e\000s\000\040\000c\000o\000n\000s\000t\000r\000u\000c\000t\000e\000u\000r\000s\000\040\000e\000t\000\040\000d\000e\000s\000t\000r\000u\000c\000t\000e\000u\000r}{section.5.9}% 74
\BOOKMARK [3][-]{subsubsection.5.9.2.1}{\376\377\0005\000.\0009\000.\0002\000.\0001\000\040\000C\000a\000s\000e\000\050\000\051\000\040\000[\0001\000/\0002\000]}{subsection.5.9.2}% 75
\BOOKMARK [3][-]{subsubsection.5.9.2.2}{\376\377\0005\000.\0009\000.\0002\000.\0002\000\040\000C\000a\000s\000e\000\050\000\051\000\040\000[\0002\000/\0002\000]}{subsection.5.9.2}% 76
\BOOKMARK [3][-]{subsubsection.5.9.2.3}{\376\377\0005\000.\0009\000.\0002\000.\0003\000\040\000\040\000C\000a\000s\000e\000\050\000\051}{subsection.5.9.2}% 77
\BOOKMARK [2][-]{subsection.5.9.3}{\376\377\0005\000.\0009\000.\0003\000\040\000D\000o\000c\000u\000m\000e\000n\000t\000a\000t\000i\000o\000n\000\040\000d\000e\000s\000\040\000f\000o\000n\000c\000t\000i\000o\000n\000s\000\040\000m\000e\000m\000b\000r\000e\000s}{section.5.9}% 78
\BOOKMARK [3][-]{subsubsection.5.9.3.1}{\376\377\0005\000.\0009\000.\0003\000.\0001\000\040\000a\000c\000t\000i\000o\000n\000\050\000\051}{subsection.5.9.3}% 79
\BOOKMARK [3][-]{subsubsection.5.9.3.2}{\376\377\0005\000.\0009\000.\0003\000.\0002\000\040\000g\000e\000t\000I\000n\000d\000e\000x\000\050\000\051}{subsection.5.9.3}% 80
\BOOKMARK [3][-]{subsubsection.5.9.3.3}{\376\377\0005\000.\0009\000.\0003\000.\0003\000\040\000g\000e\000t\000J\000o\000u\000e\000u\000r\000A\000c\000t\000i\000f\000\050\000\051}{subsection.5.9.3}% 81
\BOOKMARK [3][-]{subsubsection.5.9.3.4}{\376\377\0005\000.\0009\000.\0003\000.\0004\000\040\000g\000e\000t\000N\000o\000m\000\050\000\051}{subsection.5.9.3}% 82
\BOOKMARK [3][-]{subsubsection.5.9.3.5}{\376\377\0005\000.\0009\000.\0003\000.\0005\000\040\000s\000e\000t\000I\000n\000d\000e\000x\000\050\000\051}{subsection.5.9.3}% 83
\BOOKMARK [3][-]{subsubsection.5.9.3.6}{\376\377\0005\000.\0009\000.\0003\000.\0006\000\040\000s\000e\000t\000J\000o\000u\000e\000u\000r\000A\000c\000t\000i\000f\000\050\000\051}{subsection.5.9.3}% 84
\BOOKMARK [2][-]{subsection.5.9.4}{\376\377\0005\000.\0009\000.\0004\000\040\000D\000o\000c\000u\000m\000e\000n\000t\000a\000t\000i\000o\000n\000\040\000d\000e\000s\000\040\000d\000o\000n\000n\000\351\000e\000s\000\040\000m\000e\000m\000b\000r\000e\000s}{section.5.9}% 85
\BOOKMARK [3][-]{subsubsection.5.9.4.1}{\376\377\0005\000.\0009\000.\0004\000.\0001\000\040\000i\000n\000d\000e\000x}{subsection.5.9.4}% 86
\BOOKMARK [3][-]{subsubsection.5.9.4.2}{\376\377\0005\000.\0009\000.\0004\000.\0002\000\040\000j\000o\000u\000e\000u\000r\000\137\000a\000c\000t\000i\000f}{subsection.5.9.4}% 87
\BOOKMARK [3][-]{subsubsection.5.9.4.3}{\376\377\0005\000.\0009\000.\0004\000.\0003\000\040\000n\000o\000m}{subsection.5.9.4}% 88
\BOOKMARK [1][-]{section.5.10}{\376\377\0005\000.\0001\0000\000\040\000R\000\351\000f\000\351\000r\000e\000n\000c\000e\000\040\000d\000e\000\040\000l\000a\000\040\000c\000l\000a\000s\000s\000e\000\040\000C\000a\000s\000e\000A\000l\000e\000a\000t\000o\000i\000r\000e}{chapter.5}% 89
\BOOKMARK [2][-]{subsection.5.10.1}{\376\377\0005\000.\0001\0000\000.\0001\000\040\000D\000e\000s\000c\000r\000i\000p\000t\000i\000o\000n\000\040\000d\000\351\000t\000a\000i\000l\000l\000\351\000e}{section.5.10}% 90
\BOOKMARK [2][-]{subsection.5.10.2}{\376\377\0005\000.\0001\0000\000.\0002\000\040\000D\000o\000c\000u\000m\000e\000n\000t\000a\000t\000i\000o\000n\000\040\000d\000e\000s\000\040\000c\000o\000n\000s\000t\000r\000u\000c\000t\000e\000u\000r\000s\000\040\000e\000t\000\040\000d\000e\000s\000t\000r\000u\000c\000t\000e\000u\000r}{section.5.10}% 91
\BOOKMARK [3][-]{subsubsection.5.10.2.1}{\376\377\0005\000.\0001\0000\000.\0002\000.\0001\000\040\000C\000a\000s\000e\000A\000l\000e\000a\000t\000o\000i\000r\000e\000\050\000\051}{subsection.5.10.2}% 92
\BOOKMARK [3][-]{subsubsection.5.10.2.2}{\376\377\0005\000.\0001\0000\000.\0002\000.\0002\000\040\000\040\000C\000a\000s\000e\000A\000l\000e\000a\000t\000o\000i\000r\000e\000\050\000\051}{subsection.5.10.2}% 93
\BOOKMARK [2][-]{subsection.5.10.3}{\376\377\0005\000.\0001\0000\000.\0003\000\040\000D\000o\000c\000u\000m\000e\000n\000t\000a\000t\000i\000o\000n\000\040\000d\000e\000s\000\040\000f\000o\000n\000c\000t\000i\000o\000n\000s\000\040\000m\000e\000m\000b\000r\000e\000s}{section.5.10}% 94
\BOOKMARK [3][-]{subsubsection.5.10.3.1}{\376\377\0005\000.\0001\0000\000.\0003\000.\0001\000\040\000a\000c\000t\000i\000o\000n\000\050\000\051}{subsection.5.10.3}% 95
\BOOKMARK [3][-]{subsubsection.5.10.3.2}{\376\377\0005\000.\0001\0000\000.\0003\000.\0002\000\040\000a\000j\000o\000u\000t\000e\000r\000C\000a\000r\000t\000e\000\050\000\051}{subsection.5.10.3}% 96
\BOOKMARK [3][-]{subsubsection.5.10.3.3}{\376\377\0005\000.\0001\0000\000.\0003\000.\0003\000\040\000g\000e\000t\000P\000r\000e\000m\000i\000e\000r\000e\000C\000a\000r\000t\000e\000D\000e\000F\000i\000l\000e\000\050\000\051}{subsection.5.10.3}% 97
\BOOKMARK [1][-]{section.5.11}{\376\377\0005\000.\0001\0001\000\040\000R\000\351\000f\000\351\000r\000e\000n\000c\000e\000\040\000d\000e\000\040\000l\000a\000\040\000c\000l\000a\000s\000s\000e\000\040\000C\000a\000s\000e\000D\000e\000p\000a\000r\000t}{chapter.5}% 98
\BOOKMARK [2][-]{subsection.5.11.1}{\376\377\0005\000.\0001\0001\000.\0001\000\040\000D\000e\000s\000c\000r\000i\000p\000t\000i\000o\000n\000\040\000d\000\351\000t\000a\000i\000l\000l\000\351\000e}{section.5.11}% 99
\BOOKMARK [2][-]{subsection.5.11.2}{\376\377\0005\000.\0001\0001\000.\0002\000\040\000D\000o\000c\000u\000m\000e\000n\000t\000a\000t\000i\000o\000n\000\040\000d\000e\000s\000\040\000c\000o\000n\000s\000t\000r\000u\000c\000t\000e\000u\000r\000s\000\040\000e\000t\000\040\000d\000e\000s\000t\000r\000u\000c\000t\000e\000u\000r}{section.5.11}% 100
\BOOKMARK [3][-]{subsubsection.5.11.2.1}{\376\377\0005\000.\0001\0001\000.\0002\000.\0001\000\040\000C\000a\000s\000e\000D\000e\000p\000a\000r\000t\000\050\000\051}{subsection.5.11.2}% 101
\BOOKMARK [2][-]{subsection.5.11.3}{\376\377\0005\000.\0001\0001\000.\0003\000\040\000D\000o\000c\000u\000m\000e\000n\000t\000a\000t\000i\000o\000n\000\040\000d\000e\000s\000\040\000f\000o\000n\000c\000t\000i\000o\000n\000s\000\040\000m\000e\000m\000b\000r\000e\000s}{section.5.11}% 102
\BOOKMARK [3][-]{subsubsection.5.11.3.1}{\376\377\0005\000.\0001\0001\000.\0003\000.\0001\000\040\000a\000c\000t\000i\000o\000n\000\050\000\051}{subsection.5.11.3}% 103
\BOOKMARK [3][-]{subsubsection.5.11.3.2}{\376\377\0005\000.\0001\0001\000.\0003\000.\0002\000\040\000g\000e\000t\000M\000o\000n\000t\000a\000n\000t\000\050\000\051}{subsection.5.11.3}% 104
\BOOKMARK [1][-]{section.5.12}{\376\377\0005\000.\0001\0002\000\040\000R\000\351\000f\000\351\000r\000e\000n\000c\000e\000\040\000d\000e\000\040\000l\000a\000\040\000c\000l\000a\000s\000s\000e\000\040\000C\000a\000s\000e\000E\000v\000e\000n\000e\000m\000e\000n\000t}{chapter.5}% 105
\BOOKMARK [2][-]{subsection.5.12.1}{\376\377\0005\000.\0001\0002\000.\0001\000\040\000D\000e\000s\000c\000r\000i\000p\000t\000i\000o\000n\000\040\000d\000\351\000t\000a\000i\000l\000l\000\351\000e}{section.5.12}% 106
\BOOKMARK [2][-]{subsection.5.12.2}{\376\377\0005\000.\0001\0002\000.\0002\000\040\000D\000o\000c\000u\000m\000e\000n\000t\000a\000t\000i\000o\000n\000\040\000d\000e\000s\000\040\000c\000o\000n\000s\000t\000r\000u\000c\000t\000e\000u\000r\000s\000\040\000e\000t\000\040\000d\000e\000s\000t\000r\000u\000c\000t\000e\000u\000r}{section.5.12}% 107
\BOOKMARK [3][-]{subsubsection.5.12.2.1}{\376\377\0005\000.\0001\0002\000.\0002\000.\0001\000\040\000C\000a\000s\000e\000E\000v\000e\000n\000e\000m\000e\000n\000t\000\050\000\051}{subsection.5.12.2}% 108
\BOOKMARK [3][-]{subsubsection.5.12.2.2}{\376\377\0005\000.\0001\0002\000.\0002\000.\0002\000\040\000\040\000C\000a\000s\000e\000E\000v\000e\000n\000e\000m\000e\000n\000t\000\050\000\051}{subsection.5.12.2}% 109
\BOOKMARK [2][-]{subsection.5.12.3}{\376\377\0005\000.\0001\0002\000.\0003\000\040\000D\000o\000c\000u\000m\000e\000n\000t\000a\000t\000i\000o\000n\000\040\000d\000e\000s\000\040\000f\000o\000n\000c\000t\000i\000o\000n\000s\000\040\000m\000e\000m\000b\000r\000e\000s}{section.5.12}% 110
\BOOKMARK [3][-]{subsubsection.5.12.3.1}{\376\377\0005\000.\0001\0002\000.\0003\000.\0001\000\040\000a\000c\000t\000i\000o\000n\000\050\000\051}{subsection.5.12.3}% 111
\BOOKMARK [3][-]{subsubsection.5.12.3.2}{\376\377\0005\000.\0001\0002\000.\0003\000.\0002\000\040\000a\000j\000o\000u\000t\000e\000r\000J\000o\000u\000e\000u\000r\000\050\000\051}{subsection.5.12.3}% 112
\BOOKMARK [3][-]{subsubsection.5.12.3.3}{\376\377\0005\000.\0001\0002\000.\0003\000.\0003\000\040\000c\000h\000o\000i\000x\000m\000i\000n\000i\000j\000e\000u\000\050\000\051}{subsection.5.12.3}% 113
\BOOKMARK [3][-]{subsubsection.5.12.3.4}{\376\377\0005\000.\0001\0002\000.\0003\000.\0004\000\040\000c\000l\000e\000a\000r\000M\000i\000n\000i\000j\000e\000u\000x\000\050\000\051}{subsection.5.12.3}% 114
\BOOKMARK [3][-]{subsubsection.5.12.3.5}{\376\377\0005\000.\0001\0002\000.\0003\000.\0005\000\040\000d\000i\000s\000t\000r\000i\000b\000u\000t\000i\000o\000n\000\050\000\051}{subsection.5.12.3}% 115
\BOOKMARK [3][-]{subsubsection.5.12.3.6}{\376\377\0005\000.\0001\0002\000.\0003\000.\0006\000\040\000m\000i\000n\000i\000j\000e\000u\000J\000o\000u\000e\000\050\000\051}{subsection.5.12.3}% 116
\BOOKMARK [3][-]{subsubsection.5.12.3.7}{\376\377\0005\000.\0001\0002\000.\0003\000.\0007\000\040\000s\000e\000t\000C\000l\000a\000s\000s\000e\000m\000e\000n\000t\000\050\000\051}{subsection.5.12.3}% 117
\BOOKMARK [3][-]{subsubsection.5.12.3.8}{\376\377\0005\000.\0001\0002\000.\0003\000.\0008\000\040\000s\000e\000t\000G\000a\000g\000n\000a\000n\000t\000\050\000\051}{subsection.5.12.3}% 118
\BOOKMARK [3][-]{subsubsection.5.12.3.9}{\376\377\0005\000.\0001\0002\000.\0003\000.\0009\000\040\000s\000e\000t\000M\000i\000s\000e\000\050\000\051}{subsection.5.12.3}% 119
\BOOKMARK [1][-]{section.5.13}{\376\377\0005\000.\0001\0003\000\040\000R\000\351\000f\000\351\000r\000e\000n\000c\000e\000\040\000d\000e\000\040\000l\000a\000\040\000c\000l\000a\000s\000s\000e\000\040\000C\000a\000s\000e\000P\000r\000i\000s\000o\000n}{chapter.5}% 120
\BOOKMARK [2][-]{subsection.5.13.1}{\376\377\0005\000.\0001\0003\000.\0001\000\040\000D\000e\000s\000c\000r\000i\000p\000t\000i\000o\000n\000\040\000d\000\351\000t\000a\000i\000l\000l\000\351\000e}{section.5.13}% 121
\BOOKMARK [2][-]{subsection.5.13.2}{\376\377\0005\000.\0001\0003\000.\0002\000\040\000D\000o\000c\000u\000m\000e\000n\000t\000a\000t\000i\000o\000n\000\040\000d\000e\000s\000\040\000c\000o\000n\000s\000t\000r\000u\000c\000t\000e\000u\000r\000s\000\040\000e\000t\000\040\000d\000e\000s\000t\000r\000u\000c\000t\000e\000u\000r}{section.5.13}% 122
\BOOKMARK [3][-]{subsubsection.5.13.2.1}{\376\377\0005\000.\0001\0003\000.\0002\000.\0001\000\040\000C\000a\000s\000e\000P\000r\000i\000s\000o\000n\000\050\000\051}{subsection.5.13.2}% 123
\BOOKMARK [2][-]{subsection.5.13.3}{\376\377\0005\000.\0001\0003\000.\0003\000\040\000D\000o\000c\000u\000m\000e\000n\000t\000a\000t\000i\000o\000n\000\040\000d\000e\000s\000\040\000f\000o\000n\000c\000t\000i\000o\000n\000s\000\040\000m\000e\000m\000b\000r\000e\000s}{section.5.13}% 124
\BOOKMARK [3][-]{subsubsection.5.13.3.1}{\376\377\0005\000.\0001\0003\000.\0003\000.\0001\000\040\000a\000c\000t\000i\000o\000n\000\050\000\051}{subsection.5.13.3}% 125
\BOOKMARK [3][-]{subsubsection.5.13.3.2}{\376\377\0005\000.\0001\0003\000.\0003\000.\0002\000\040\000e\000m\000p\000r\000i\000s\000o\000n\000n\000e\000r\000\050\000\051}{subsection.5.13.3}% 126
\BOOKMARK [3][-]{subsubsection.5.13.3.3}{\376\377\0005\000.\0001\0003\000.\0003\000.\0003\000\040\000f\000o\000r\000c\000e\000r\000R\000e\000s\000u\000l\000t\000a\000t\000D\000e\000s\000\050\000\051}{subsection.5.13.3}% 127
\BOOKMARK [3][-]{subsubsection.5.13.3.4}{\376\377\0005\000.\0001\0003\000.\0003\000.\0004\000\040\000g\000e\000t\000T\000o\000u\000r\000P\000r\000i\000s\000o\000n\000\050\000\051}{subsection.5.13.3}% 128
\BOOKMARK [3][-]{subsubsection.5.13.3.5}{\376\377\0005\000.\0001\0003\000.\0003\000.\0005\000\040\000s\000e\000t\000U\000t\000i\000l\000i\000s\000e\000r\000C\000a\000r\000t\000e\000R\000e\000p\000o\000n\000s\000e\000\050\000\051}{subsection.5.13.3}% 129
\BOOKMARK [1][-]{section.5.14}{\376\377\0005\000.\0001\0004\000\040\000R\000\351\000f\000\351\000r\000e\000n\000c\000e\000\040\000d\000e\000\040\000l\000a\000\040\000c\000l\000a\000s\000s\000e\000\040\000C\000a\000s\000e\000P\000r\000o\000p\000r\000i\000e\000t\000e}{chapter.5}% 130
\BOOKMARK [2][-]{subsection.5.14.1}{\376\377\0005\000.\0001\0004\000.\0001\000\040\000D\000e\000s\000c\000r\000i\000p\000t\000i\000o\000n\000\040\000d\000\351\000t\000a\000i\000l\000l\000\351\000e}{section.5.14}% 131
\BOOKMARK [2][-]{subsection.5.14.2}{\376\377\0005\000.\0001\0004\000.\0002\000\040\000D\000o\000c\000u\000m\000e\000n\000t\000a\000t\000i\000o\000n\000\040\000d\000e\000s\000\040\000c\000o\000n\000s\000t\000r\000u\000c\000t\000e\000u\000r\000s\000\040\000e\000t\000\040\000d\000e\000s\000t\000r\000u\000c\000t\000e\000u\000r}{section.5.14}% 132
\BOOKMARK [3][-]{subsubsection.5.14.2.1}{\376\377\0005\000.\0001\0004\000.\0002\000.\0001\000\040\000C\000a\000s\000e\000P\000r\000o\000p\000r\000i\000e\000t\000e\000\050\000\051}{subsection.5.14.2}% 133
\BOOKMARK [2][-]{subsection.5.14.3}{\376\377\0005\000.\0001\0004\000.\0003\000\040\000D\000o\000c\000u\000m\000e\000n\000t\000a\000t\000i\000o\000n\000\040\000d\000e\000s\000\040\000f\000o\000n\000c\000t\000i\000o\000n\000s\000\040\000m\000e\000m\000b\000r\000e\000s}{section.5.14}% 134
\BOOKMARK [3][-]{subsubsection.5.14.3.1}{\376\377\0005\000.\0001\0004\000.\0003\000.\0001\000\040\000a\000c\000h\000a\000t\000P\000r\000o\000p\000o\000s\000e\000\050\000\051}{subsection.5.14.3}% 135
\BOOKMARK [3][-]{subsubsection.5.14.3.2}{\376\377\0005\000.\0001\0004\000.\0003\000.\0002\000\040\000a\000c\000t\000i\000o\000n\000\050\000\051}{subsection.5.14.3}% 136
\BOOKMARK [3][-]{subsubsection.5.14.3.3}{\376\377\0005\000.\0001\0004\000.\0003\000.\0003\000\040\000g\000a\000m\000b\000l\000e\000\050\000\051\000\040\000[\0001\000/\0002\000]}{subsection.5.14.3}% 137
\BOOKMARK [3][-]{subsubsection.5.14.3.4}{\376\377\0005\000.\0001\0004\000.\0003\000.\0004\000\040\000g\000a\000m\000b\000l\000e\000\050\000\051\000\040\000[\0002\000/\0002\000]}{subsection.5.14.3}% 138
\BOOKMARK [3][-]{subsubsection.5.14.3.5}{\376\377\0005\000.\0001\0004\000.\0003\000.\0005\000\040\000g\000e\000t\000G\000a\000m\000b\000l\000e\000\050\000\051}{subsection.5.14.3}% 139
\BOOKMARK [3][-]{subsubsection.5.14.3.6}{\376\377\0005\000.\0001\0004\000.\0003\000.\0006\000\040\000g\000e\000t\000P\000r\000i\000x\000\050\000\051}{subsection.5.14.3}% 140
\BOOKMARK [3][-]{subsubsection.5.14.3.7}{\376\377\0005\000.\0001\0004\000.\0003\000.\0007\000\040\000g\000e\000t\000P\000r\000i\000x\000H\000y\000p\000o\000t\000h\000e\000q\000u\000e\000\050\000\051}{subsection.5.14.3}% 141
\BOOKMARK [3][-]{subsubsection.5.14.3.8}{\376\377\0005\000.\0001\0004\000.\0003\000.\0008\000\040\000g\000e\000t\000P\000r\000o\000p\000r\000i\000e\000t\000a\000i\000r\000e\000\050\000\051}{subsection.5.14.3}% 142
\BOOKMARK [3][-]{subsubsection.5.14.3.9}{\376\377\0005\000.\0001\0004\000.\0003\000.\0009\000\040\000i\000s\000A\000c\000h\000e\000t\000a\000b\000l\000e\000\050\000\051}{subsection.5.14.3}% 143
\BOOKMARK [3][-]{subsubsection.5.14.3.10}{\376\377\0005\000.\0001\0004\000.\0003\000.\0001\0000\000\040\000m\000i\000n\000i\000j\000e\000u\000L\000a\000n\000c\000e\000\050\000\051}{subsection.5.14.3}% 144
\BOOKMARK [3][-]{subsubsection.5.14.3.11}{\376\377\0005\000.\0001\0004\000.\0003\000.\0001\0001\000\040\000r\000e\000p\000a\000r\000t\000i\000t\000i\000o\000n\000\050\000\051}{subsection.5.14.3}% 145
\BOOKMARK [3][-]{subsubsection.5.14.3.12}{\376\377\0005\000.\0001\0004\000.\0003\000.\0001\0002\000\040\000s\000e\000t\000A\000c\000h\000e\000t\000a\000b\000l\000e\000\050\000\051}{subsection.5.14.3}% 146
\BOOKMARK [3][-]{subsubsection.5.14.3.13}{\376\377\0005\000.\0001\0004\000.\0003\000.\0001\0003\000\040\000s\000e\000t\000G\000a\000g\000n\000a\000n\000t\000\050\000\051}{subsection.5.14.3}% 147
\BOOKMARK [3][-]{subsubsection.5.14.3.14}{\376\377\0005\000.\0001\0004\000.\0003\000.\0001\0004\000\040\000s\000e\000t\000G\000a\000m\000b\000l\000e\000\050\000\051}{subsection.5.14.3}% 148
\BOOKMARK [3][-]{subsubsection.5.14.3.15}{\376\377\0005\000.\0001\0004\000.\0003\000.\0001\0005\000\040\000s\000e\000t\000G\000a\000m\000b\000l\000e\000P\000r\000e\000d\000e\000f\000i\000n\000i\000\050\000\051}{subsection.5.14.3}% 149
\BOOKMARK [3][-]{subsubsection.5.14.3.16}{\376\377\0005\000.\0001\0004\000.\0003\000.\0001\0006\000\040\000s\000e\000t\000M\000i\000s\000e\000L\000i\000m\000i\000t\000e\000s\000\050\000\051}{subsection.5.14.3}% 150
\BOOKMARK [3][-]{subsubsection.5.14.3.17}{\376\377\0005\000.\0001\0004\000.\0003\000.\0001\0007\000\040\000s\000e\000t\000P\000r\000o\000p\000r\000i\000e\000t\000a\000i\000r\000e\000\050\000\051}{subsection.5.14.3}% 151
\BOOKMARK [1][-]{section.5.15}{\376\377\0005\000.\0001\0005\000\040\000R\000\351\000f\000\351\000r\000e\000n\000c\000e\000\040\000d\000e\000\040\000l\000a\000\040\000c\000l\000a\000s\000s\000e\000\040\000J\000o\000u\000e\000u\000r}{chapter.5}% 152
\BOOKMARK [2][-]{subsection.5.15.1}{\376\377\0005\000.\0001\0005\000.\0001\000\040\000D\000e\000s\000c\000r\000i\000p\000t\000i\000o\000n\000\040\000d\000\351\000t\000a\000i\000l\000l\000\351\000e}{section.5.15}% 153
\BOOKMARK [2][-]{subsection.5.15.2}{\376\377\0005\000.\0001\0005\000.\0002\000\040\000D\000o\000c\000u\000m\000e\000n\000t\000a\000t\000i\000o\000n\000\040\000d\000e\000s\000\040\000c\000o\000n\000s\000t\000r\000u\000c\000t\000e\000u\000r\000s\000\040\000e\000t\000\040\000d\000e\000s\000t\000r\000u\000c\000t\000e\000u\000r}{section.5.15}% 154
\BOOKMARK [3][-]{subsubsection.5.15.2.1}{\376\377\0005\000.\0001\0005\000.\0002\000.\0001\000\040\000J\000o\000u\000e\000u\000r\000\050\000\051}{subsection.5.15.2}% 155
\BOOKMARK [3][-]{subsubsection.5.15.2.2}{\376\377\0005\000.\0001\0005\000.\0002\000.\0002\000\040\000\040\000J\000o\000u\000e\000u\000r\000\050\000\051}{subsection.5.15.2}% 156
\BOOKMARK [2][-]{subsection.5.15.3}{\376\377\0005\000.\0001\0005\000.\0003\000\040\000D\000o\000c\000u\000m\000e\000n\000t\000a\000t\000i\000o\000n\000\040\000d\000e\000s\000\040\000f\000o\000n\000c\000t\000i\000o\000n\000s\000\040\000m\000e\000m\000b\000r\000e\000s}{section.5.15}% 157
\BOOKMARK [3][-]{subsubsection.5.15.3.1}{\376\377\0005\000.\0001\0005\000.\0003\000.\0001\000\040\000a\000c\000h\000e\000t\000e\000r\000\050\000\051}{subsection.5.15.3}% 158
\BOOKMARK [3][-]{subsubsection.5.15.3.2}{\376\377\0005\000.\0001\0005\000.\0003\000.\0002\000\040\000b\000o\000u\000g\000e\000r\000j\000o\000u\000e\000u\000r\000\050\000\051}{subsection.5.15.3}% 159
\BOOKMARK [3][-]{subsubsection.5.15.3.3}{\376\377\0005\000.\0001\0005\000.\0003\000.\0003\000\040\000c\000a\000p\000i\000t\000a\000l\000S\000o\000l\000v\000a\000b\000i\000l\000i\000t\000e\000\050\000\051}{subsection.5.15.3}% 160
\BOOKMARK [3][-]{subsubsection.5.15.3.4}{\376\377\0005\000.\0001\0005\000.\0003\000.\0004\000\040\000c\000l\000e\000a\000r\000P\000r\000o\000p\000r\000i\000e\000t\000e\000s\000\050\000\051}{subsection.5.15.3}% 161
\BOOKMARK [3][-]{subsubsection.5.15.3.5}{\376\377\0005\000.\0001\0005\000.\0003\000.\0005\000\040\000c\000o\000n\000d\000i\000t\000i\000o\000n\000f\000i\000n\000a\000n\000c\000i\000e\000r\000e\000\050\000\051}{subsection.5.15.3}% 162
\BOOKMARK [3][-]{subsubsection.5.15.3.6}{\376\377\0005\000.\0001\0005\000.\0003\000.\0006\000\040\000d\000o\000n\000n\000e\000r\000C\000a\000p\000i\000t\000a\000l\000\050\000\051}{subsection.5.15.3}% 163
\BOOKMARK [3][-]{subsubsection.5.15.3.7}{\376\377\0005\000.\0001\0005\000.\0003\000.\0007\000\040\000d\000o\000n\000n\000e\000r\000C\000a\000r\000t\000e\000\050\000\051}{subsection.5.15.3}% 164
\BOOKMARK [3][-]{subsubsection.5.15.3.8}{\376\377\0005\000.\0001\0005\000.\0003\000.\0008\000\040\000e\000n\000l\000e\000v\000e\000r\000C\000a\000p\000i\000t\000a\000l\000\050\000\051}{subsection.5.15.3}% 165
\BOOKMARK [3][-]{subsubsection.5.15.3.9}{\376\377\0005\000.\0001\0005\000.\0003\000.\0009\000\040\000g\000e\000t\000C\000a\000p\000i\000t\000a\000l\000\050\000\051}{subsection.5.15.3}% 166
\BOOKMARK [3][-]{subsubsection.5.15.3.10}{\376\377\0005\000.\0001\0005\000.\0003\000.\0001\0000\000\040\000g\000e\000t\000C\000a\000s\000e\000A\000c\000t\000u\000e\000l\000l\000e\000\050\000\051}{subsection.5.15.3}% 167
\BOOKMARK [3][-]{subsubsection.5.15.3.11}{\376\377\0005\000.\0001\0005\000.\0003\000.\0001\0001\000\040\000g\000e\000t\000C\000o\000m\000p\000t\000e\000u\000r\000T\000o\000u\000r\000s\000\050\000\051}{subsection.5.15.3}% 168
\BOOKMARK [3][-]{subsubsection.5.15.3.12}{\376\377\0005\000.\0001\0005\000.\0003\000.\0001\0002\000\040\000g\000e\000t\000D\000e\000r\000n\000i\000e\000r\000L\000a\000n\000c\000e\000r\000\050\000\051}{subsection.5.15.3}% 169
\BOOKMARK [3][-]{subsubsection.5.15.3.13}{\376\377\0005\000.\0001\0005\000.\0003\000.\0001\0003\000\040\000g\000e\000t\000N\000b\000C\000a\000r\000t\000e\000s\000\050\000\051}{subsection.5.15.3}% 170
\BOOKMARK [3][-]{subsubsection.5.15.3.14}{\376\377\0005\000.\0001\0005\000.\0003\000.\0001\0004\000\040\000g\000e\000t\000N\000b\000P\000r\000o\000p\000r\000i\000e\000t\000e\000s\000\050\000\051}{subsection.5.15.3}% 171
\BOOKMARK [3][-]{subsubsection.5.15.3.15}{\376\377\0005\000.\0001\0005\000.\0003\000.\0001\0005\000\040\000g\000e\000t\000N\000o\000m\000\050\000\051}{subsection.5.15.3}% 172
\BOOKMARK [3][-]{subsubsection.5.15.3.16}{\376\377\0005\000.\0001\0005\000.\0003\000.\0001\0006\000\040\000g\000e\000t\000P\000o\000s\000i\000t\000i\000o\000n\000\050\000\051}{subsection.5.15.3}% 173
\BOOKMARK [3][-]{subsubsection.5.15.3.17}{\376\377\0005\000.\0001\0005\000.\0003\000.\0001\0007\000\040\000g\000e\000t\000P\000r\000o\000p\000r\000i\000e\000t\000e\000s\000\050\000\051}{subsection.5.15.3}% 174
\BOOKMARK [3][-]{subsubsection.5.15.3.18}{\376\377\0005\000.\0001\0005\000.\0003\000.\0001\0008\000\040\000g\000e\000t\000V\000a\000l\000P\000r\000o\000p\000r\000i\000e\000t\000e\000\050\000\051}{subsection.5.15.3}% 175
\BOOKMARK [3][-]{subsubsection.5.15.3.19}{\376\377\0005\000.\0001\0005\000.\0003\000.\0001\0009\000\040\000h\000y\000p\000o\000t\000e\000q\000u\000e\000r\000\050\000\051}{subsection.5.15.3}% 176
\BOOKMARK [3][-]{subsubsection.5.15.3.20}{\376\377\0005\000.\0001\0005\000.\0003\000.\0002\0000\000\040\000l\000a\000n\000c\000e\000r\000d\000e\000\050\000\051}{subsection.5.15.3}% 177
\BOOKMARK [3][-]{subsubsection.5.15.3.21}{\376\377\0005\000.\0001\0005\000.\0003\000.\0002\0001\000\040\000m\000i\000s\000e\000b\000a\000n\000q\000u\000e\000r\000o\000u\000t\000e\000\050\000\051}{subsection.5.15.3}% 178
\BOOKMARK [3][-]{subsubsection.5.15.3.22}{\376\377\0005\000.\0001\0005\000.\0003\000.\0002\0002\000\040\000p\000o\000s\000s\000e\000d\000e\000C\000a\000r\000t\000e\000\050\000\051}{subsection.5.15.3}% 179
\BOOKMARK [3][-]{subsubsection.5.15.3.23}{\376\377\0005\000.\0001\0005\000.\0003\000.\0002\0003\000\040\000r\000e\000s\000e\000t\000C\000o\000m\000p\000t\000e\000u\000r\000T\000o\000u\000r\000s\000\050\000\051}{subsection.5.15.3}% 180
\BOOKMARK [3][-]{subsubsection.5.15.3.24}{\376\377\0005\000.\0001\0005\000.\0003\000.\0002\0004\000\040\000r\000e\000t\000i\000r\000e\000r\000C\000a\000r\000t\000e\000\050\000\051}{subsection.5.15.3}% 181
\BOOKMARK [3][-]{subsubsection.5.15.3.25}{\376\377\0005\000.\0001\0005\000.\0003\000.\0002\0005\000\040\000s\000e\000t\000C\000a\000p\000i\000t\000a\000l\000\050\000\051}{subsection.5.15.3}% 182
\BOOKMARK [3][-]{subsubsection.5.15.3.26}{\376\377\0005\000.\0001\0005\000.\0003\000.\0002\0006\000\040\000s\000e\000t\000D\000e\000r\000n\000i\000e\000r\000L\000a\000n\000c\000e\000r\000\050\000\051}{subsection.5.15.3}% 183
\BOOKMARK [3][-]{subsubsection.5.15.3.27}{\376\377\0005\000.\0001\0005\000.\0003\000.\0002\0007\000\040\000s\000e\000t\000N\000b\000P\000r\000o\000p\000r\000i\000e\000t\000e\000s\000M\000o\000c\000k\000\050\000\051}{subsection.5.15.3}% 184
\BOOKMARK [3][-]{subsubsection.5.15.3.28}{\376\377\0005\000.\0001\0005\000.\0003\000.\0002\0008\000\040\000s\000e\000t\000P\000o\000s\000i\000t\000i\000o\000n\000\050\000\051}{subsection.5.15.3}% 185
\BOOKMARK [3][-]{subsubsection.5.15.3.29}{\376\377\0005\000.\0001\0005\000.\0003\000.\0002\0009\000\040\000t\000o\000u\000r\000\050\000\051}{subsection.5.15.3}% 186
\BOOKMARK [2][-]{subsection.5.15.4}{\376\377\0005\000.\0001\0005\000.\0004\000\040\000D\000o\000c\000u\000m\000e\000n\000t\000a\000t\000i\000o\000n\000\040\000d\000e\000s\000\040\000d\000o\000n\000n\000\351\000e\000s\000\040\000m\000e\000m\000b\000r\000e\000s}{section.5.15}% 187
\BOOKMARK [3][-]{subsubsection.5.15.4.1}{\376\377\0005\000.\0001\0005\000.\0004\000.\0001\000\040\000c\000a\000p\000i\000t\000a\000l}{subsection.5.15.4}% 188
\BOOKMARK [3][-]{subsubsection.5.15.4.2}{\376\377\0005\000.\0001\0005\000.\0004\000.\0002\000\040\000c\000a\000r\000t\000e\000s}{subsection.5.15.4}% 189
\BOOKMARK [3][-]{subsubsection.5.15.4.3}{\376\377\0005\000.\0001\0005\000.\0004\000.\0003\000\040\000c\000a\000s\000e\000\137\000a\000c\000t\000u\000e\000l\000l\000e}{subsection.5.15.4}% 190
\BOOKMARK [3][-]{subsubsection.5.15.4.4}{\376\377\0005\000.\0001\0005\000.\0004\000.\0004\000\040\000c\000o\000m\000p\000t\000e\000u\000r\000\137\000d\000o\000u\000b\000l\000e}{subsection.5.15.4}% 191
\BOOKMARK [3][-]{subsubsection.5.15.4.5}{\376\377\0005\000.\0001\0005\000.\0004\000.\0005\000\040\000c\000o\000m\000p\000t\000e\000u\000r\000\137\000t\000o\000u\000r\000s}{subsection.5.15.4}% 192
\BOOKMARK [3][-]{subsubsection.5.15.4.6}{\376\377\0005\000.\0001\0005\000.\0004\000.\0006\000\040\000d\000e\000r\000n\000i\000e\000r\000\137\000l\000a\000n\000c\000e\000r}{subsection.5.15.4}% 193
\BOOKMARK [3][-]{subsubsection.5.15.4.7}{\376\377\0005\000.\0001\0005\000.\0004\000.\0007\000\040\000n\000b\000\137\000p\000r\000o\000p\000r\000i\000e\000t\000e\000s\000\137\000m\000o\000c\000k}{subsection.5.15.4}% 194
\BOOKMARK [3][-]{subsubsection.5.15.4.8}{\376\377\0005\000.\0001\0005\000.\0004\000.\0008\000\040\000n\000o\000m}{subsection.5.15.4}% 195
\BOOKMARK [3][-]{subsubsection.5.15.4.9}{\376\377\0005\000.\0001\0005\000.\0004\000.\0009\000\040\000p\000o\000s\000i\000t\000i\000o\000n}{subsection.5.15.4}% 196
\BOOKMARK [3][-]{subsubsection.5.15.4.10}{\376\377\0005\000.\0001\0005\000.\0004\000.\0001\0000\000\040\000p\000r\000o\000p\000r\000i\000e\000t\000e\000s}{subsection.5.15.4}% 197
\BOOKMARK [3][-]{subsubsection.5.15.4.11}{\376\377\0005\000.\0001\0005\000.\0004\000.\0001\0001\000\040\000u\000s\000e\000\137\000m\000o\000c\000k\000\137\000n\000b}{subsection.5.15.4}% 198
\BOOKMARK [3][-]{subsubsection.5.15.4.12}{\376\377\0005\000.\0001\0005\000.\0004\000.\0001\0002\000\040\000v\000a\000l\000\137\000p\000r\000o\000p\000r\000i\000e\000t\000e}{subsection.5.15.4}% 199
\BOOKMARK [1][-]{section.5.16}{\376\377\0005\000.\0001\0006\000\040\000R\000\351\000f\000\351\000r\000e\000n\000c\000e\000\040\000d\000e\000\040\000l\000a\000\040\000c\000l\000a\000s\000s\000e\000\040\000M\000i\000n\000i\000j\000e\000u}{chapter.5}% 200
\BOOKMARK [2][-]{subsection.5.16.1}{\376\377\0005\000.\0001\0006\000.\0001\000\040\000D\000e\000s\000c\000r\000i\000p\000t\000i\000o\000n\000\040\000d\000\351\000t\000a\000i\000l\000l\000\351\000e}{section.5.16}% 201
\BOOKMARK [2][-]{subsection.5.16.2}{\376\377\0005\000.\0001\0006\000.\0002\000\040\000D\000o\000c\000u\000m\000e\000n\000t\000a\000t\000i\000o\000n\000\040\000d\000e\000s\000\040\000c\000o\000n\000s\000t\000r\000u\000c\000t\000e\000u\000r\000s\000\040\000e\000t\000\040\000d\000e\000s\000t\000r\000u\000c\000t\000e\000u\000r}{section.5.16}% 202
\BOOKMARK [3][-]{subsubsection.5.16.2.1}{\376\377\0005\000.\0001\0006\000.\0002\000.\0001\000\040\000M\000i\000n\000i\000j\000e\000u\000\050\000\051}{subsection.5.16.2}% 203
\BOOKMARK [3][-]{subsubsection.5.16.2.2}{\376\377\0005\000.\0001\0006\000.\0002\000.\0002\000\040\000\040\000M\000i\000n\000i\000j\000e\000u\000\050\000\051}{subsection.5.16.2}% 204
\BOOKMARK [2][-]{subsection.5.16.3}{\376\377\0005\000.\0001\0006\000.\0003\000\040\000D\000o\000c\000u\000m\000e\000n\000t\000a\000t\000i\000o\000n\000\040\000d\000e\000s\000\040\000f\000o\000n\000c\000t\000i\000o\000n\000s\000\040\000m\000e\000m\000b\000r\000e\000s}{section.5.16}% 205
\BOOKMARK [3][-]{subsubsection.5.16.3.1}{\376\377\0005\000.\0001\0006\000.\0003\000.\0001\000\040\000g\000e\000t\000N\000o\000m\000\050\000\051}{subsection.5.16.3}% 206
\BOOKMARK [3][-]{subsubsection.5.16.3.2}{\376\377\0005\000.\0001\0006\000.\0003\000.\0002\000\040\000j\000o\000u\000e\000r\000\050\000\051\000\040\000[\0001\000/\0003\000]}{subsection.5.16.3}% 207
\BOOKMARK [3][-]{subsubsection.5.16.3.3}{\376\377\0005\000.\0001\0006\000.\0003\000.\0003\000\040\000j\000o\000u\000e\000r\000\050\000\051\000\040\000[\0002\000/\0003\000]}{subsection.5.16.3}% 208
\BOOKMARK [3][-]{subsubsection.5.16.3.4}{\376\377\0005\000.\0001\0006\000.\0003\000.\0004\000\040\000j\000o\000u\000e\000r\000\050\000\051\000\040\000[\0003\000/\0003\000]}{subsection.5.16.3}% 209
\BOOKMARK [1][-]{section.5.17}{\376\377\0005\000.\0001\0007\000\040\000R\000\351\000f\000\351\000r\000e\000n\000c\000e\000\040\000d\000e\000\040\000l\000a\000\040\000c\000l\000a\000s\000s\000e\000\040\000M\000i\000n\000i\000j\000e\000u\000T\000r\000o\000n}{chapter.5}% 210
\BOOKMARK [2][-]{subsection.5.17.1}{\376\377\0005\000.\0001\0007\000.\0001\000\040\000D\000e\000s\000c\000r\000i\000p\000t\000i\000o\000n\000\040\000d\000\351\000t\000a\000i\000l\000l\000\351\000e}{section.5.17}% 211
\BOOKMARK [2][-]{subsection.5.17.2}{\376\377\0005\000.\0001\0007\000.\0002\000\040\000D\000o\000c\000u\000m\000e\000n\000t\000a\000t\000i\000o\000n\000\040\000d\000e\000s\000\040\000c\000o\000n\000s\000t\000r\000u\000c\000t\000e\000u\000r\000s\000\040\000e\000t\000\040\000d\000e\000s\000t\000r\000u\000c\000t\000e\000u\000r}{section.5.17}% 212
\BOOKMARK [3][-]{subsubsection.5.17.2.1}{\376\377\0005\000.\0001\0007\000.\0002\000.\0001\000\040\000M\000i\000n\000i\000j\000e\000u\000T\000r\000o\000n\000\050\000\051}{subsection.5.17.2}% 213
\BOOKMARK [3][-]{subsubsection.5.17.2.2}{\376\377\0005\000.\0001\0007\000.\0002\000.\0002\000\040\000\040\000M\000i\000n\000i\000j\000e\000u\000T\000r\000o\000n\000\050\000\051}{subsection.5.17.2}% 214
\BOOKMARK [2][-]{subsection.5.17.3}{\376\377\0005\000.\0001\0007\000.\0003\000\040\000D\000o\000c\000u\000m\000e\000n\000t\000a\000t\000i\000o\000n\000\040\000d\000e\000s\000\040\000f\000o\000n\000c\000t\000i\000o\000n\000s\000\040\000m\000e\000m\000b\000r\000e\000s}{section.5.17}% 215
\BOOKMARK [3][-]{subsubsection.5.17.3.1}{\376\377\0005\000.\0001\0007\000.\0003\000.\0001\000\040\000g\000e\000t\000N\000o\000m\000\050\000\051}{subsection.5.17.3}% 216
\BOOKMARK [3][-]{subsubsection.5.17.3.2}{\376\377\0005\000.\0001\0007\000.\0003\000.\0002\000\040\000j\000o\000u\000e\000r\000\050\000\051}{subsection.5.17.3}% 217
\BOOKMARK [1][-]{section.5.18}{\376\377\0005\000.\0001\0008\000\040\000R\000\351\000f\000\351\000r\000e\000n\000c\000e\000\040\000d\000e\000\040\000l\000a\000\040\000c\000l\000a\000s\000s\000e\000\040\000P\000l\000a\000t\000e\000a\000u}{chapter.5}% 218
\BOOKMARK [2][-]{subsection.5.18.1}{\376\377\0005\000.\0001\0008\000.\0001\000\040\000D\000e\000s\000c\000r\000i\000p\000t\000i\000o\000n\000\040\000d\000\351\000t\000a\000i\000l\000l\000\351\000e}{section.5.18}% 219
\BOOKMARK [2][-]{subsection.5.18.2}{\376\377\0005\000.\0001\0008\000.\0002\000\040\000D\000o\000c\000u\000m\000e\000n\000t\000a\000t\000i\000o\000n\000\040\000d\000e\000s\000\040\000c\000o\000n\000s\000t\000r\000u\000c\000t\000e\000u\000r\000s\000\040\000e\000t\000\040\000d\000e\000s\000t\000r\000u\000c\000t\000e\000u\000r}{section.5.18}% 220
\BOOKMARK [3][-]{subsubsection.5.18.2.1}{\376\377\0005\000.\0001\0008\000.\0002\000.\0001\000\040\000P\000l\000a\000t\000e\000a\000u\000\050\000\051}{subsection.5.18.2}% 221
\BOOKMARK [3][-]{subsubsection.5.18.2.2}{\376\377\0005\000.\0001\0008\000.\0002\000.\0002\000\040\000\040\000P\000l\000a\000t\000e\000a\000u\000\050\000\051}{subsection.5.18.2}% 222
\BOOKMARK [2][-]{subsection.5.18.3}{\376\377\0005\000.\0001\0008\000.\0003\000\040\000D\000o\000c\000u\000m\000e\000n\000t\000a\000t\000i\000o\000n\000\040\000d\000e\000s\000\040\000f\000o\000n\000c\000t\000i\000o\000n\000s\000\040\000m\000e\000m\000b\000r\000e\000s}{section.5.18}% 223
\BOOKMARK [3][-]{subsubsection.5.18.3.1}{\376\377\0005\000.\0001\0008\000.\0003\000.\0001\000\040\000a\000j\000o\000u\000t\000e\000r\000J\000o\000u\000e\000u\000r\000\050\000\051}{subsection.5.18.3}% 224
\BOOKMARK [3][-]{subsubsection.5.18.3.2}{\376\377\0005\000.\0001\0008\000.\0003\000.\0002\000\040\000d\000o\000n\000n\000e\000r\000c\000a\000p\000i\000t\000a\000l\000\050\000\051}{subsection.5.18.3}% 225
\BOOKMARK [3][-]{subsubsection.5.18.3.3}{\376\377\0005\000.\0001\0008\000.\0003\000.\0003\000\040\000e\000n\000l\000e\000v\000e\000r\000c\000a\000p\000i\000t\000a\000l\000\050\000\051}{subsection.5.18.3}% 226
\BOOKMARK [3][-]{subsubsection.5.18.3.4}{\376\377\0005\000.\0001\0008\000.\0003\000.\0004\000\040\000f\000i\000n\000\050\000\051}{subsection.5.18.3}% 227
\BOOKMARK [3][-]{subsubsection.5.18.3.5}{\376\377\0005\000.\0001\0008\000.\0003\000.\0005\000\040\000f\000i\000n\000D\000e\000P\000a\000r\000t\000i\000e\000\050\000\051}{subsection.5.18.3}% 228
\BOOKMARK [3][-]{subsubsection.5.18.3.6}{\376\377\0005\000.\0001\0008\000.\0003\000.\0006\000\040\000g\000a\000m\000e\000l\000o\000o\000p\000i\000n\000g\000\050\000\051}{subsection.5.18.3}% 229
\BOOKMARK [3][-]{subsubsection.5.18.3.7}{\376\377\0005\000.\0001\0008\000.\0003\000.\0007\000\040\000g\000e\000t\000C\000a\000s\000e\000\050\000\051}{subsection.5.18.3}% 230
\BOOKMARK [3][-]{subsubsection.5.18.3.8}{\376\377\0005\000.\0001\0008\000.\0003\000.\0008\000\040\000g\000e\000t\000J\000o\000u\000e\000u\000r\000\050\000\051}{subsection.5.18.3}% 231
\BOOKMARK [3][-]{subsubsection.5.18.3.9}{\376\377\0005\000.\0001\0008\000.\0003\000.\0009\000\040\000g\000e\000t\000N\000b\000C\000a\000s\000e\000s\000\050\000\051}{subsection.5.18.3}% 232
\BOOKMARK [3][-]{subsubsection.5.18.3.10}{\376\377\0005\000.\0001\0008\000.\0003\000.\0001\0000\000\040\000g\000e\000t\000N\000b\000J\000o\000u\000e\000u\000r\000s\000A\000c\000t\000i\000f\000s\000\050\000\051}{subsection.5.18.3}% 233
\BOOKMARK [3][-]{subsubsection.5.18.3.11}{\376\377\0005\000.\0001\0008\000.\0003\000.\0001\0001\000\040\000o\000r\000d\000r\000e\000\050\000\051}{subsection.5.18.3}% 234
\BOOKMARK [3][-]{subsubsection.5.18.3.12}{\376\377\0005\000.\0001\0008\000.\0003\000.\0001\0002\000\040\000r\000e\000t\000i\000r\000e\000r\000J\000o\000u\000e\000u\000r\000s\000E\000n\000F\000a\000i\000l\000l\000i\000t\000e\000\050\000\051}{subsection.5.18.3}% 235
\BOOKMARK [3][-]{subsubsection.5.18.3.13}{\376\377\0005\000.\0001\0008\000.\0003\000.\0001\0003\000\040\000t\000r\000a\000n\000s\000f\000e\000r\000t\000a\000r\000g\000e\000n\000t\000\050\000\051}{subsection.5.18.3}% 236
\BOOKMARK [3][-]{subsubsection.5.18.3.14}{\376\377\0005\000.\0001\0008\000.\0003\000.\0001\0004\000\040\000t\000r\000i\000e\000r\000P\000a\000r\000D\000e\000r\000n\000i\000e\000r\000L\000a\000n\000c\000e\000r\000\050\000\051}{subsection.5.18.3}% 237
\BOOKMARK [3][-]{subsubsection.5.18.3.15}{\376\377\0005\000.\0001\0008\000.\0003\000.\0001\0005\000\040\000u\000p\000d\000a\000t\000e\000\050\000\051}{subsection.5.18.3}% 238
\BOOKMARK [0][-]{chapter.6}{\376\377\0006\000\040\000D\000o\000c\000u\000m\000e\000n\000t\000a\000t\000i\000o\000n\000\040\000d\000e\000s\000\040\000f\000i\000c\000h\000i\000e\000r\000s}{}% 239
\BOOKMARK [1][-]{section.6.1}{\376\377\0006\000.\0001\000\040\000R\000\351\000f\000\351\000r\000e\000n\000c\000e\000\040\000d\000u\000\040\000f\000i\000c\000h\000i\000e\000r\000\040\000C\000a\000r\000t\000e\000.\000c\000p\000p}{chapter.6}% 240
\BOOKMARK [2][-]{subsection.6.1.1}{\376\377\0006\000.\0001\000.\0001\000\040\000D\000e\000s\000c\000r\000i\000p\000t\000i\000o\000n\000\040\000d\000\351\000t\000a\000i\000l\000l\000\351\000e}{section.6.1}% 241
\BOOKMARK [1][-]{section.6.2}{\376\377\0006\000.\0002\000\040\000R\000\351\000f\000\351\000r\000e\000n\000c\000e\000\040\000d\000u\000\040\000f\000i\000c\000h\000i\000e\000r\000\040\000C\000a\000r\000t\000e\000.\000h\000p\000p}{chapter.6}% 242
\BOOKMARK [2][-]{subsection.6.2.1}{\376\377\0006\000.\0002\000.\0001\000\040\000D\000e\000s\000c\000r\000i\000p\000t\000i\000o\000n\000\040\000d\000\351\000t\000a\000i\000l\000l\000\351\000e}{section.6.2}% 243
\BOOKMARK [1][-]{section.6.3}{\376\377\0006\000.\0003\000\040\000R\000\351\000f\000\351\000r\000e\000n\000c\000e\000\040\000d\000u\000\040\000f\000i\000c\000h\000i\000e\000r\000\040\000C\000a\000r\000t\000e\000A\000m\000e\000n\000d\000e\000.\000c\000p\000p}{chapter.6}% 244
\BOOKMARK [2][-]{subsection.6.3.1}{\376\377\0006\000.\0003\000.\0001\000\040\000D\000e\000s\000c\000r\000i\000p\000t\000i\000o\000n\000\040\000d\000\351\000t\000a\000i\000l\000l\000\351\000e}{section.6.3}% 245
\BOOKMARK [1][-]{section.6.4}{\376\377\0006\000.\0004\000\040\000R\000\351\000f\000\351\000r\000e\000n\000c\000e\000\040\000d\000u\000\040\000f\000i\000c\000h\000i\000e\000r\000\040\000C\000a\000r\000t\000e\000A\000m\000e\000n\000d\000e\000.\000h\000p\000p}{chapter.6}% 246
\BOOKMARK [2][-]{subsection.6.4.1}{\376\377\0006\000.\0004\000.\0001\000\040\000D\000e\000s\000c\000r\000i\000p\000t\000i\000o\000n\000\040\000d\000\351\000t\000a\000i\000l\000l\000\351\000e}{section.6.4}% 247
\BOOKMARK [1][-]{section.6.5}{\376\377\0006\000.\0005\000\040\000R\000\351\000f\000\351\000r\000e\000n\000c\000e\000\040\000d\000u\000\040\000f\000i\000c\000h\000i\000e\000r\000\040\000C\000a\000r\000t\000e\000A\000n\000n\000i\000v\000e\000r\000s\000a\000i\000r\000e\000.\000c\000p\000p}{chapter.6}% 248
\BOOKMARK [2][-]{subsection.6.5.1}{\376\377\0006\000.\0005\000.\0001\000\040\000D\000e\000s\000c\000r\000i\000p\000t\000i\000o\000n\000\040\000d\000\351\000t\000a\000i\000l\000l\000\351\000e}{section.6.5}% 249
\BOOKMARK [1][-]{section.6.6}{\376\377\0006\000.\0006\000\040\000R\000\351\000f\000\351\000r\000e\000n\000c\000e\000\040\000d\000u\000\040\000f\000i\000c\000h\000i\000e\000r\000\040\000C\000a\000r\000t\000e\000A\000n\000n\000i\000v\000e\000r\000s\000a\000i\000r\000e\000.\000h\000p\000p}{chapter.6}% 250
\BOOKMARK [2][-]{subsection.6.6.1}{\376\377\0006\000.\0006\000.\0001\000\040\000D\000e\000s\000c\000r\000i\000p\000t\000i\000o\000n\000\040\000d\000\351\000t\000a\000i\000l\000l\000\351\000e}{section.6.6}% 251
\BOOKMARK [1][-]{section.6.7}{\376\377\0006\000.\0007\000\040\000R\000\351\000f\000\351\000r\000e\000n\000c\000e\000\040\000d\000u\000\040\000f\000i\000c\000h\000i\000e\000r\000\040\000C\000a\000r\000t\000e\000D\000e\000p\000l\000a\000c\000e\000m\000e\000n\000t\000.\000c\000p\000p}{chapter.6}% 252
\BOOKMARK [2][-]{subsection.6.7.1}{\376\377\0006\000.\0007\000.\0001\000\040\000D\000e\000s\000c\000r\000i\000p\000t\000i\000o\000n\000\040\000d\000\351\000t\000a\000i\000l\000l\000\351\000e}{section.6.7}% 253
\BOOKMARK [1][-]{section.6.8}{\376\377\0006\000.\0008\000\040\000R\000\351\000f\000\351\000r\000e\000n\000c\000e\000\040\000d\000u\000\040\000f\000i\000c\000h\000i\000e\000r\000\040\000C\000a\000r\000t\000e\000D\000e\000p\000l\000a\000c\000e\000m\000e\000n\000t\000.\000h\000p\000p}{chapter.6}% 254
\BOOKMARK [2][-]{subsection.6.8.1}{\376\377\0006\000.\0008\000.\0001\000\040\000D\000e\000s\000c\000r\000i\000p\000t\000i\000o\000n\000\040\000d\000\351\000t\000a\000i\000l\000l\000\351\000e}{section.6.8}% 255
\BOOKMARK [1][-]{section.6.9}{\376\377\0006\000.\0009\000\040\000R\000\351\000f\000\351\000r\000e\000n\000c\000e\000\040\000d\000u\000\040\000f\000i\000c\000h\000i\000e\000r\000\040\000C\000a\000r\000t\000e\000D\000o\000u\000b\000l\000e\000G\000a\000i\000n\000.\000c\000p\000p}{chapter.6}% 256
\BOOKMARK [2][-]{subsection.6.9.1}{\376\377\0006\000.\0009\000.\0001\000\040\000D\000e\000s\000c\000r\000i\000p\000t\000i\000o\000n\000\040\000d\000\351\000t\000a\000i\000l\000l\000\351\000e}{section.6.9}% 257
\BOOKMARK [1][-]{section.6.10}{\376\377\0006\000.\0001\0000\000\040\000R\000\351\000f\000\351\000r\000e\000n\000c\000e\000\040\000d\000u\000\040\000f\000i\000c\000h\000i\000e\000r\000\040\000C\000a\000r\000t\000e\000D\000o\000u\000b\000l\000e\000G\000a\000i\000n\000.\000h\000p\000p}{chapter.6}% 258
\BOOKMARK [2][-]{subsection.6.10.1}{\376\377\0006\000.\0001\0000\000.\0001\000\040\000D\000e\000s\000c\000r\000i\000p\000t\000i\000o\000n\000\040\000d\000\351\000t\000a\000i\000l\000l\000\351\000e}{section.6.10}% 259
\BOOKMARK [1][-]{section.6.11}{\376\377\0006\000.\0001\0001\000\040\000R\000\351\000f\000\351\000r\000e\000n\000c\000e\000\040\000d\000u\000\040\000f\000i\000c\000h\000i\000e\000r\000\040\000C\000a\000r\000t\000e\000G\000a\000i\000n\000.\000c\000p\000p}{chapter.6}% 260
\BOOKMARK [2][-]{subsection.6.11.1}{\376\377\0006\000.\0001\0001\000.\0001\000\040\000D\000e\000s\000c\000r\000i\000p\000t\000i\000o\000n\000\040\000d\000\351\000t\000a\000i\000l\000l\000\351\000e}{section.6.11}% 261
\BOOKMARK [1][-]{section.6.12}{\376\377\0006\000.\0001\0002\000\040\000R\000\351\000f\000\351\000r\000e\000n\000c\000e\000\040\000d\000u\000\040\000f\000i\000c\000h\000i\000e\000r\000\040\000C\000a\000r\000t\000e\000G\000a\000i\000n\000.\000h\000p\000p}{chapter.6}% 262
\BOOKMARK [2][-]{subsection.6.12.1}{\376\377\0006\000.\0001\0002\000.\0001\000\040\000D\000e\000s\000c\000r\000i\000p\000t\000i\000o\000n\000\040\000d\000\351\000t\000a\000i\000l\000l\000\351\000e}{section.6.12}% 263
\BOOKMARK [1][-]{section.6.13}{\376\377\0006\000.\0001\0003\000\040\000R\000\351\000f\000\351\000r\000e\000n\000c\000e\000\040\000d\000u\000\040\000f\000i\000c\000h\000i\000e\000r\000\040\000C\000a\000r\000t\000e\000I\000m\000p\000o\000t\000M\000i\000n\000i\000j\000e\000u\000x\000.\000c\000p\000p}{chapter.6}% 264
\BOOKMARK [2][-]{subsection.6.13.1}{\376\377\0006\000.\0001\0003\000.\0001\000\040\000D\000e\000s\000c\000r\000i\000p\000t\000i\000o\000n\000\040\000d\000\351\000t\000a\000i\000l\000l\000\351\000e}{section.6.13}% 265
\BOOKMARK [1][-]{section.6.14}{\376\377\0006\000.\0001\0004\000\040\000R\000\351\000f\000\351\000r\000e\000n\000c\000e\000\040\000d\000u\000\040\000f\000i\000c\000h\000i\000e\000r\000\040\000C\000a\000r\000t\000e\000I\000m\000p\000o\000t\000M\000i\000n\000i\000j\000e\000u\000x\000.\000h\000p\000p}{chapter.6}% 266
\BOOKMARK [2][-]{subsection.6.14.1}{\376\377\0006\000.\0001\0004\000.\0001\000\040\000D\000e\000s\000c\000r\000i\000p\000t\000i\000o\000n\000\040\000d\000\351\000t\000a\000i\000l\000l\000\351\000e}{section.6.14}% 267
\BOOKMARK [1][-]{section.6.15}{\376\377\0006\000.\0001\0005\000\040\000R\000\351\000f\000\351\000r\000e\000n\000c\000e\000\040\000d\000u\000\040\000f\000i\000c\000h\000i\000e\000r\000\040\000C\000a\000r\000t\000e\000S\000o\000r\000t\000i\000e\000P\000r\000i\000s\000o\000n\000.\000c\000p\000p}{chapter.6}% 268
\BOOKMARK [2][-]{subsection.6.15.1}{\376\377\0006\000.\0001\0005\000.\0001\000\040\000D\000e\000s\000c\000r\000i\000p\000t\000i\000o\000n\000\040\000d\000\351\000t\000a\000i\000l\000l\000\351\000e}{section.6.15}% 269
\BOOKMARK [1][-]{section.6.16}{\376\377\0006\000.\0001\0006\000\040\000R\000\351\000f\000\351\000r\000e\000n\000c\000e\000\040\000d\000u\000\040\000f\000i\000c\000h\000i\000e\000r\000\040\000C\000a\000r\000t\000e\000S\000o\000r\000t\000i\000e\000P\000r\000i\000s\000o\000n\000.\000h\000p\000p}{chapter.6}% 270
\BOOKMARK [2][-]{subsection.6.16.1}{\376\377\0006\000.\0001\0006\000.\0001\000\040\000D\000e\000s\000c\000r\000i\000p\000t\000i\000o\000n\000\040\000d\000\351\000t\000a\000i\000l\000l\000\351\000e}{section.6.16}% 271
\BOOKMARK [1][-]{section.6.17}{\376\377\0006\000.\0001\0007\000\040\000R\000\351\000f\000\351\000r\000e\000n\000c\000e\000\040\000d\000u\000\040\000f\000i\000c\000h\000i\000e\000r\000\040\000C\000a\000s\000e\000.\000c\000p\000p}{chapter.6}% 272
\BOOKMARK [2][-]{subsection.6.17.1}{\376\377\0006\000.\0001\0007\000.\0001\000\040\000D\000e\000s\000c\000r\000i\000p\000t\000i\000o\000n\000\040\000d\000\351\000t\000a\000i\000l\000l\000\351\000e}{section.6.17}% 273
\BOOKMARK [1][-]{section.6.18}{\376\377\0006\000.\0001\0008\000\040\000R\000\351\000f\000\351\000r\000e\000n\000c\000e\000\040\000d\000u\000\040\000f\000i\000c\000h\000i\000e\000r\000\040\000C\000a\000s\000e\000.\000h\000p\000p}{chapter.6}% 274
\BOOKMARK [2][-]{subsection.6.18.1}{\376\377\0006\000.\0001\0008\000.\0001\000\040\000D\000e\000s\000c\000r\000i\000p\000t\000i\000o\000n\000\040\000d\000\351\000t\000a\000i\000l\000l\000\351\000e}{section.6.18}% 275
\BOOKMARK [1][-]{section.6.19}{\376\377\0006\000.\0001\0009\000\040\000R\000\351\000f\000\351\000r\000e\000n\000c\000e\000\040\000d\000u\000\040\000f\000i\000c\000h\000i\000e\000r\000\040\000C\000a\000s\000e\000A\000l\000e\000a\000t\000o\000i\000r\000e\000.\000c\000p\000p}{chapter.6}% 276
\BOOKMARK [2][-]{subsection.6.19.1}{\376\377\0006\000.\0001\0009\000.\0001\000\040\000D\000e\000s\000c\000r\000i\000p\000t\000i\000o\000n\000\040\000d\000\351\000t\000a\000i\000l\000l\000\351\000e}{section.6.19}% 277
\BOOKMARK [1][-]{section.6.20}{\376\377\0006\000.\0002\0000\000\040\000R\000\351\000f\000\351\000r\000e\000n\000c\000e\000\040\000d\000u\000\040\000f\000i\000c\000h\000i\000e\000r\000\040\000C\000a\000s\000e\000A\000l\000e\000a\000t\000o\000i\000r\000e\000.\000h\000p\000p}{chapter.6}% 278
\BOOKMARK [2][-]{subsection.6.20.1}{\376\377\0006\000.\0002\0000\000.\0001\000\040\000D\000e\000s\000c\000r\000i\000p\000t\000i\000o\000n\000\040\000d\000\351\000t\000a\000i\000l\000l\000\351\000e}{section.6.20}% 279
\BOOKMARK [1][-]{section.6.21}{\376\377\0006\000.\0002\0001\000\040\000R\000\351\000f\000\351\000r\000e\000n\000c\000e\000\040\000d\000u\000\040\000f\000i\000c\000h\000i\000e\000r\000\040\000C\000a\000s\000e\000D\000e\000p\000a\000r\000t\000.\000c\000p\000p}{chapter.6}% 280
\BOOKMARK [2][-]{subsection.6.21.1}{\376\377\0006\000.\0002\0001\000.\0001\000\040\000D\000e\000s\000c\000r\000i\000p\000t\000i\000o\000n\000\040\000d\000\351\000t\000a\000i\000l\000l\000\351\000e}{section.6.21}% 281
\BOOKMARK [1][-]{section.6.22}{\376\377\0006\000.\0002\0002\000\040\000R\000\351\000f\000\351\000r\000e\000n\000c\000e\000\040\000d\000u\000\040\000f\000i\000c\000h\000i\000e\000r\000\040\000C\000a\000s\000e\000D\000e\000p\000a\000r\000t\000.\000h\000p\000p}{chapter.6}% 282
\BOOKMARK [2][-]{subsection.6.22.1}{\376\377\0006\000.\0002\0002\000.\0001\000\040\000D\000e\000s\000c\000r\000i\000p\000t\000i\000o\000n\000\040\000d\000\351\000t\000a\000i\000l\000l\000\351\000e}{section.6.22}% 283
\BOOKMARK [1][-]{section.6.23}{\376\377\0006\000.\0002\0003\000\040\000R\000\351\000f\000\351\000r\000e\000n\000c\000e\000\040\000d\000u\000\040\000f\000i\000c\000h\000i\000e\000r\000\040\000C\000a\000s\000e\000E\000v\000e\000n\000e\000m\000e\000n\000t\000.\000c\000p\000p}{chapter.6}% 284
\BOOKMARK [2][-]{subsection.6.23.1}{\376\377\0006\000.\0002\0003\000.\0001\000\040\000D\000e\000s\000c\000r\000i\000p\000t\000i\000o\000n\000\040\000d\000\351\000t\000a\000i\000l\000l\000\351\000e}{section.6.23}% 285
\BOOKMARK [1][-]{section.6.24}{\376\377\0006\000.\0002\0004\000\040\000R\000\351\000f\000\351\000r\000e\000n\000c\000e\000\040\000d\000u\000\040\000f\000i\000c\000h\000i\000e\000r\000\040\000C\000a\000s\000e\000E\000v\000e\000n\000e\000m\000e\000n\000t\000.\000h\000p\000p}{chapter.6}% 286
\BOOKMARK [2][-]{subsection.6.24.1}{\376\377\0006\000.\0002\0004\000.\0001\000\040\000D\000e\000s\000c\000r\000i\000p\000t\000i\000o\000n\000\040\000d\000\351\000t\000a\000i\000l\000l\000\351\000e}{section.6.24}% 287
\BOOKMARK [1][-]{section.6.25}{\376\377\0006\000.\0002\0005\000\040\000R\000\351\000f\000\351\000r\000e\000n\000c\000e\000\040\000d\000u\000\040\000f\000i\000c\000h\000i\000e\000r\000\040\000C\000a\000s\000e\000P\000r\000i\000s\000o\000n\000.\000c\000p\000p}{chapter.6}% 288
\BOOKMARK [2][-]{subsection.6.25.1}{\376\377\0006\000.\0002\0005\000.\0001\000\040\000D\000e\000s\000c\000r\000i\000p\000t\000i\000o\000n\000\040\000d\000\351\000t\000a\000i\000l\000l\000\351\000e}{section.6.25}% 289
\BOOKMARK [1][-]{section.6.26}{\376\377\0006\000.\0002\0006\000\040\000R\000\351\000f\000\351\000r\000e\000n\000c\000e\000\040\000d\000u\000\040\000f\000i\000c\000h\000i\000e\000r\000\040\000C\000a\000s\000e\000P\000r\000i\000s\000o\000n\000.\000h\000p\000p}{chapter.6}% 290
\BOOKMARK [2][-]{subsection.6.26.1}{\376\377\0006\000.\0002\0006\000.\0001\000\040\000D\000e\000s\000c\000r\000i\000p\000t\000i\000o\000n\000\040\000d\000\351\000t\000a\000i\000l\000l\000\351\000e}{section.6.26}% 291
\BOOKMARK [1][-]{section.6.27}{\376\377\0006\000.\0002\0007\000\040\000R\000\351\000f\000\351\000r\000e\000n\000c\000e\000\040\000d\000u\000\040\000f\000i\000c\000h\000i\000e\000r\000\040\000C\000a\000s\000e\000P\000r\000o\000p\000r\000i\000e\000t\000e\000.\000c\000p\000p}{chapter.6}% 292
\BOOKMARK [2][-]{subsection.6.27.1}{\376\377\0006\000.\0002\0007\000.\0001\000\040\000D\000e\000s\000c\000r\000i\000p\000t\000i\000o\000n\000\040\000d\000\351\000t\000a\000i\000l\000l\000\351\000e}{section.6.27}% 293
\BOOKMARK [1][-]{section.6.28}{\376\377\0006\000.\0002\0008\000\040\000R\000\351\000f\000\351\000r\000e\000n\000c\000e\000\040\000d\000u\000\040\000f\000i\000c\000h\000i\000e\000r\000\040\000C\000a\000s\000e\000P\000r\000o\000p\000r\000i\000e\000t\000e\000.\000h\000p\000p}{chapter.6}% 294
\BOOKMARK [2][-]{subsection.6.28.1}{\376\377\0006\000.\0002\0008\000.\0001\000\040\000D\000e\000s\000c\000r\000i\000p\000t\000i\000o\000n\000\040\000d\000\351\000t\000a\000i\000l\000l\000\351\000e}{section.6.28}% 295
\BOOKMARK [1][-]{section.6.29}{\376\377\0006\000.\0002\0009\000\040\000R\000\351\000f\000\351\000r\000e\000n\000c\000e\000\040\000d\000u\000\040\000f\000i\000c\000h\000i\000e\000r\000\040\000C\000o\000n\000d\000i\000t\000i\000o\000n\000.\000h\000p\000p}{chapter.6}% 296
\BOOKMARK [2][-]{subsection.6.29.1}{\376\377\0006\000.\0002\0009\000.\0001\000\040\000D\000e\000s\000c\000r\000i\000p\000t\000i\000o\000n\000\040\000d\000\351\000t\000a\000i\000l\000l\000\351\000e}{section.6.29}% 297
\BOOKMARK [2][-]{subsection.6.29.2}{\376\377\0006\000.\0002\0009\000.\0002\000\040\000D\000o\000c\000u\000m\000e\000n\000t\000a\000t\000i\000o\000n\000\040\000d\000u\000\040\000t\000y\000p\000e\000\040\000d\000e\000\040\000l\000\047\000\351\000n\000u\000m\000\351\000r\000a\000t\000i\000o\000n}{section.6.29}% 298
\BOOKMARK [3][-]{subsubsection.6.29.2.1}{\376\377\0006\000.\0002\0009\000.\0002\000.\0001\000\040\000C\000o\000n\000d\000i\000t\000i\000o\000n}{subsection.6.29.2}% 299
\BOOKMARK [1][-]{section.6.30}{\376\377\0006\000.\0003\0000\000\040\000R\000\351\000f\000\351\000r\000e\000n\000c\000e\000\040\000d\000u\000\040\000f\000i\000c\000h\000i\000e\000r\000\040\000J\000o\000u\000e\000u\000r\000.\000c\000p\000p}{chapter.6}% 300
\BOOKMARK [2][-]{subsection.6.30.1}{\376\377\0006\000.\0003\0000\000.\0001\000\040\000D\000e\000s\000c\000r\000i\000p\000t\000i\000o\000n\000\040\000d\000\351\000t\000a\000i\000l\000l\000\351\000e}{section.6.30}% 301
\BOOKMARK [1][-]{section.6.31}{\376\377\0006\000.\0003\0001\000\040\000R\000\351\000f\000\351\000r\000e\000n\000c\000e\000\040\000d\000u\000\040\000f\000i\000c\000h\000i\000e\000r\000\040\000J\000o\000u\000e\000u\000r\000.\000h\000p\000p}{chapter.6}% 302
\BOOKMARK [2][-]{subsection.6.31.1}{\376\377\0006\000.\0003\0001\000.\0001\000\040\000D\000e\000s\000c\000r\000i\000p\000t\000i\000o\000n\000\040\000d\000\351\000t\000a\000i\000l\000l\000\351\000e}{section.6.31}% 303
\BOOKMARK [1][-]{section.6.32}{\376\377\0006\000.\0003\0002\000\040\000R\000\351\000f\000\351\000r\000e\000n\000c\000e\000\040\000d\000u\000\040\000f\000i\000c\000h\000i\000e\000r\000\040\000m\000a\000i\000n\000.\000c\000p\000p}{chapter.6}% 304
\BOOKMARK [2][-]{subsection.6.32.1}{\376\377\0006\000.\0003\0002\000.\0001\000\040\000D\000e\000s\000c\000r\000i\000p\000t\000i\000o\000n\000\040\000d\000\351\000t\000a\000i\000l\000l\000\351\000e}{section.6.32}% 305
\BOOKMARK [2][-]{subsection.6.32.2}{\376\377\0006\000.\0003\0002\000.\0002\000\040\000D\000o\000c\000u\000m\000e\000n\000t\000a\000t\000i\000o\000n\000\040\000d\000e\000s\000\040\000f\000o\000n\000c\000t\000i\000o\000n\000s}{section.6.32}% 306
\BOOKMARK [3][-]{subsubsection.6.32.2.1}{\376\377\0006\000.\0003\0002\000.\0002\000.\0001\000\040\000m\000a\000i\000n\000\050\000\051}{subsection.6.32.2}% 307
\BOOKMARK [1][-]{section.6.33}{\376\377\0006\000.\0003\0003\000\040\000R\000\351\000f\000\351\000r\000e\000n\000c\000e\000\040\000d\000u\000\040\000f\000i\000c\000h\000i\000e\000r\000\040\000M\000i\000n\000i\000j\000e\000u\000.\000c\000p\000p}{chapter.6}% 308
\BOOKMARK [2][-]{subsection.6.33.1}{\376\377\0006\000.\0003\0003\000.\0001\000\040\000D\000e\000s\000c\000r\000i\000p\000t\000i\000o\000n\000\040\000d\000\351\000t\000a\000i\000l\000l\000\351\000e}{section.6.33}% 309
\BOOKMARK [1][-]{section.6.34}{\376\377\0006\000.\0003\0004\000\040\000R\000\351\000f\000\351\000r\000e\000n\000c\000e\000\040\000d\000u\000\040\000f\000i\000c\000h\000i\000e\000r\000\040\000M\000i\000n\000i\000j\000e\000u\000.\000h\000p\000p}{chapter.6}% 310
\BOOKMARK [2][-]{subsection.6.34.1}{\376\377\0006\000.\0003\0004\000.\0001\000\040\000D\000e\000s\000c\000r\000i\000p\000t\000i\000o\000n\000\040\000d\000\351\000t\000a\000i\000l\000l\000\351\000e}{section.6.34}% 311
\BOOKMARK [1][-]{section.6.35}{\376\377\0006\000.\0003\0005\000\040\000R\000\351\000f\000\351\000r\000e\000n\000c\000e\000\040\000d\000u\000\040\000f\000i\000c\000h\000i\000e\000r\000\040\000M\000i\000n\000i\000j\000e\000u\000T\000r\000o\000n\000.\000c\000p\000p}{chapter.6}% 312
\BOOKMARK [2][-]{subsection.6.35.1}{\376\377\0006\000.\0003\0005\000.\0001\000\040\000D\000e\000s\000c\000r\000i\000p\000t\000i\000o\000n\000\040\000d\000\351\000t\000a\000i\000l\000l\000\351\000e}{section.6.35}% 313
\BOOKMARK [1][-]{section.6.36}{\376\377\0006\000.\0003\0006\000\040\000R\000\351\000f\000\351\000r\000e\000n\000c\000e\000\040\000d\000u\000\040\000f\000i\000c\000h\000i\000e\000r\000\040\000M\000i\000n\000i\000j\000e\000u\000T\000r\000o\000n\000.\000h\000p\000p}{chapter.6}% 314
\BOOKMARK [2][-]{subsection.6.36.1}{\376\377\0006\000.\0003\0006\000.\0001\000\040\000D\000e\000s\000c\000r\000i\000p\000t\000i\000o\000n\000\040\000d\000\351\000t\000a\000i\000l\000l\000\351\000e}{section.6.36}% 315
\BOOKMARK [1][-]{section.6.37}{\376\377\0006\000.\0003\0007\000\040\000R\000\351\000f\000\351\000r\000e\000n\000c\000e\000\040\000d\000u\000\040\000f\000i\000c\000h\000i\000e\000r\000\040\000P\000l\000a\000t\000e\000a\000u\000.\000c\000p\000p}{chapter.6}% 316
\BOOKMARK [2][-]{subsection.6.37.1}{\376\377\0006\000.\0003\0007\000.\0001\000\040\000D\000e\000s\000c\000r\000i\000p\000t\000i\000o\000n\000\040\000d\000\351\000t\000a\000i\000l\000l\000\351\000e}{section.6.37}% 317
\BOOKMARK [1][-]{section.6.38}{\376\377\0006\000.\0003\0008\000\040\000R\000\351\000f\000\351\000r\000e\000n\000c\000e\000\040\000d\000u\000\040\000f\000i\000c\000h\000i\000e\000r\000\040\000P\000l\000a\000t\000e\000a\000u\000.\000h\000p\000p}{chapter.6}% 318
\BOOKMARK [2][-]{subsection.6.38.1}{\376\377\0006\000.\0003\0008\000.\0001\000\040\000D\000e\000s\000c\000r\000i\000p\000t\000i\000o\000n\000\040\000d\000\351\000t\000a\000i\000l\000l\000\351\000e}{section.6.38}% 319
\BOOKMARK [1][-]{section.6.39}{\376\377\0006\000.\0003\0009\000\040\000R\000\351\000f\000\351\000r\000e\000n\000c\000e\000\040\000d\000u\000\040\000f\000i\000c\000h\000i\000e\000r\000\040\000R\000E\000A\000D\000M\000E\000.\000m\000d}{chapter.6}% 320
\BOOKMARK [0][-]{section*.71}{\376\377\000I\000n\000d\000e\000x}{}% 321
